2017-07-23 10:26:32,062 [Worker-27] INFO  o.e.m.c.i.l.LifecycleMappingFactory - Using org.eclipse.m2e.jdt.JarLifecycleMapping lifecycle mapping for MavenProject: cn.net.bysoft:owl-bookstore-common:1.0-SNAPSHOT @ D:\Project\bysoft\owl-bookstore\owl-bookstore-common\pom.xml.
2017-07-23 10:26:33,346 [Worker-27] INFO  o.e.m.c.i.l.LifecycleMappingFactory - Using org.eclipse.m2e.jdt.JarLifecycleMapping lifecycle mapping for MavenProject: cn.net.bysoft:owl-bookstore-common-core:1.0-SNAPSHOT @ D:\Project\bysoft\owl-bookstore\owl-bookstore-common-core\pom.xml.
2017-07-23 10:26:33,545 [Worker-27] INFO  o.e.m.c.i.l.LifecycleMappingFactory - Using org.eclipse.m2e.jdt.JarLifecycleMapping lifecycle mapping for MavenProject: cn.net.bysoft:owl-bookstore-eureka-server:1.0-SNAPSHOT @ D:\Project\bysoft\owl-bookstore\owl-bookstore-eureka-server\pom.xml.
2017-07-23 10:26:34,167 [Worker-27] INFO  o.e.m.c.i.l.LifecycleMappingFactory - Using org.maven.ide.eclipse.wtp.WarLifecycleMapping lifecycle mapping for MavenProject: cn.net.bysoft:owl-bookstore-facade-user:1.0-SNAPSHOT @ D:\Project\bysoft\owl-bookstore\owl-bookstore-facade-user\pom.xml.
2017-07-23 10:26:34,251 [Worker-27] INFO  o.e.m.c.i.l.LifecycleMappingFactory - Using org.eclipse.m2e.jdt.JarLifecycleMapping lifecycle mapping for MavenProject: cn.net.bysoft:owl-bookstore-service-user:1.0-SNAPSHOT @ D:\Project\bysoft\owl-bookstore\owl-bookstore-service-user\pom.xml.
2017-07-23 10:26:34,428 [Worker-27] INFO  o.e.m.c.i.l.LifecycleMappingFactory - Using org.maven.ide.eclipse.wtp.WarLifecycleMapping lifecycle mapping for MavenProject: cn.net.bysoft:owl-bookstore-web-api:1.0-SNAPSHOT @ D:\Project\bysoft\owl-bookstore\owl-bookstore-web-api\pom.xml.
2017-07-23 10:26:34,738 [Worker-27] INFO  o.e.m.c.i.e.AbstractTransferListenerAdapter - Downloading http://maven.aliyun.com/nexus/content/repositories/central/org/springframework/cloud/spring-cloud-starter-feign/1.3.1.RELEASE/spring-cloud-starter-feign-1.3.1.RELEASE.pom
2017-07-23 10:26:34,779 [Worker-27] INFO  o.e.m.c.i.e.AbstractTransferListenerAdapter - Downloaded http://maven.aliyun.com/nexus/content/repositories/central/org/springframework/cloud/spring-cloud-starter-feign/1.3.1.RELEASE/spring-cloud-starter-feign-1.3.1.RELEASE.pom
2017-07-23 10:26:34,880 [Worker-27] INFO  o.e.m.c.i.e.AbstractTransferListenerAdapter - Downloading http://maven.aliyun.com/nexus/content/repositories/central/io/github/openfeign/feign-core/9.5.0/feign-core-9.5.0.pom
2017-07-23 10:26:34,912 [Worker-27] INFO  o.e.m.c.i.e.AbstractTransferListenerAdapter - Downloaded http://maven.aliyun.com/nexus/content/repositories/central/io/github/openfeign/feign-core/9.5.0/feign-core-9.5.0.pom
2017-07-23 10:26:34,996 [Worker-27] INFO  o.e.m.c.i.e.AbstractTransferListenerAdapter - Downloading http://maven.aliyun.com/nexus/content/repositories/central/io/github/openfeign/parent/9.5.0/parent-9.5.0.pom
2017-07-23 10:26:35,030 [Worker-27] INFO  o.e.m.c.i.e.AbstractTransferListenerAdapter - Downloaded http://maven.aliyun.com/nexus/content/repositories/central/io/github/openfeign/parent/9.5.0/parent-9.5.0.pom
2017-07-23 10:26:35,131 [Worker-27] INFO  o.e.m.c.i.e.AbstractTransferListenerAdapter - Downloading http://maven.aliyun.com/nexus/content/repositories/central/org/jvnet/animal-sniffer-annotation/1.0/animal-sniffer-annotation-1.0.pom
2017-07-23 10:26:35,181 [Worker-27] INFO  o.e.m.c.i.e.AbstractTransferListenerAdapter - Downloaded http://maven.aliyun.com/nexus/content/repositories/central/org/jvnet/animal-sniffer-annotation/1.0/animal-sniffer-annotation-1.0.pom
2017-07-23 10:26:35,280 [Worker-27] INFO  o.e.m.c.i.e.AbstractTransferListenerAdapter - Downloading http://maven.aliyun.com/nexus/content/repositories/central/io/github/openfeign/feign-slf4j/9.5.0/feign-slf4j-9.5.0.pom
2017-07-23 10:26:35,327 [Worker-27] INFO  o.e.m.c.i.e.AbstractTransferListenerAdapter - Downloaded http://maven.aliyun.com/nexus/content/repositories/central/io/github/openfeign/feign-slf4j/9.5.0/feign-slf4j-9.5.0.pom
2017-07-23 10:26:35,427 [Worker-27] INFO  o.e.m.c.i.e.AbstractTransferListenerAdapter - Downloading http://maven.aliyun.com/nexus/content/repositories/central/io/github/openfeign/feign-hystrix/9.5.0/feign-hystrix-9.5.0.pom
2017-07-23 10:26:35,473 [Worker-27] INFO  o.e.m.c.i.e.AbstractTransferListenerAdapter - Downloaded http://maven.aliyun.com/nexus/content/repositories/central/io/github/openfeign/feign-hystrix/9.5.0/feign-hystrix-9.5.0.pom
2017-07-23 10:26:35,957 [Worker-27] INFO  o.e.m.c.i.e.AbstractTransferListenerAdapter - Downloading http://maven.aliyun.com/nexus/content/repositories/central/org/springframework/cloud/spring-cloud-starter-feign/1.3.1.RELEASE/spring-cloud-starter-feign-1.3.1.RELEASE.jar
2017-07-23 10:26:36,006 [Worker-27] INFO  o.e.m.c.i.e.AbstractTransferListenerAdapter - Downloaded http://maven.aliyun.com/nexus/content/repositories/central/org/springframework/cloud/spring-cloud-starter-feign/1.3.1.RELEASE/spring-cloud-starter-feign-1.3.1.RELEASE.jar
2017-07-23 10:26:36,284 [Worker-27] INFO  o.e.m.c.i.e.AbstractTransferListenerAdapter - Downloading http://maven.aliyun.com/nexus/content/repositories/central/io/github/openfeign/feign-core/9.5.0/feign-core-9.5.0.jar
2017-07-23 10:26:36,321 [Worker-27] INFO  o.e.m.c.i.e.AbstractTransferListenerAdapter - Downloaded http://maven.aliyun.com/nexus/content/repositories/central/io/github/openfeign/feign-core/9.5.0/feign-core-9.5.0.jar
2017-07-23 10:26:36,417 [Worker-27] INFO  o.e.m.c.i.e.AbstractTransferListenerAdapter - Downloading http://maven.aliyun.com/nexus/content/repositories/central/org/jvnet/animal-sniffer-annotation/1.0/animal-sniffer-annotation-1.0.jar
2017-07-23 10:26:36,469 [Worker-27] INFO  o.e.m.c.i.e.AbstractTransferListenerAdapter - Downloaded http://maven.aliyun.com/nexus/content/repositories/central/org/jvnet/animal-sniffer-annotation/1.0/animal-sniffer-annotation-1.0.jar
2017-07-23 10:26:36,568 [Worker-27] INFO  o.e.m.c.i.e.AbstractTransferListenerAdapter - Downloading http://maven.aliyun.com/nexus/content/repositories/central/io/github/openfeign/feign-slf4j/9.5.0/feign-slf4j-9.5.0.jar
2017-07-23 10:26:36,618 [Worker-27] INFO  o.e.m.c.i.e.AbstractTransferListenerAdapter - Downloaded http://maven.aliyun.com/nexus/content/repositories/central/io/github/openfeign/feign-slf4j/9.5.0/feign-slf4j-9.5.0.jar
2017-07-23 10:26:36,755 [Worker-27] INFO  o.e.m.c.i.e.AbstractTransferListenerAdapter - Downloading http://maven.aliyun.com/nexus/content/repositories/central/io/github/openfeign/feign-hystrix/9.5.0/feign-hystrix-9.5.0.jar
2017-07-23 10:26:36,793 [Worker-27] INFO  o.e.m.c.i.e.AbstractTransferListenerAdapter - Downloaded http://maven.aliyun.com/nexus/content/repositories/central/io/github/openfeign/feign-hystrix/9.5.0/feign-hystrix-9.5.0.jar
2017-07-23 10:26:37,267 [Worker-27] INFO  o.e.m.c.i.l.LifecycleMappingFactory - Using org.maven.ide.eclipse.wtp.WarLifecycleMapping lifecycle mapping for MavenProject: cn.net.bysoft:owl-bookstore-web-console:1.0-SNAPSHOT @ D:\Project\bysoft\owl-bookstore\owl-bookstore-web-console\pom.xml.
2017-07-23 10:26:37,357 [Worker-27] INFO  o.e.m.c.i.e.AbstractTransferListenerAdapter - Downloading http://maven.aliyun.com/nexus/content/repositories/central/org/springframework/cloud/spring-cloud-starter-hystrix/1.3.1.RELEASE/spring-cloud-starter-hystrix-1.3.1.RELEASE.pom
2017-07-23 10:26:37,614 [Worker-27] INFO  o.e.m.c.i.e.AbstractTransferListenerAdapter - Downloaded http://maven.aliyun.com/nexus/content/repositories/central/org/springframework/cloud/spring-cloud-starter-hystrix/1.3.1.RELEASE/spring-cloud-starter-hystrix-1.3.1.RELEASE.pom
2017-07-23 10:26:37,746 [Worker-27] INFO  o.e.m.c.i.e.AbstractTransferListenerAdapter - Downloading http://maven.aliyun.com/nexus/content/repositories/central/com/netflix/hystrix/hystrix-metrics-event-stream/1.5.12/hystrix-metrics-event-stream-1.5.12.pom
2017-07-23 10:26:37,845 [Worker-27] INFO  o.e.m.c.i.e.AbstractTransferListenerAdapter - Downloaded http://maven.aliyun.com/nexus/content/repositories/central/com/netflix/hystrix/hystrix-metrics-event-stream/1.5.12/hystrix-metrics-event-stream-1.5.12.pom
2017-07-23 10:26:37,956 [Worker-27] INFO  o.e.m.c.i.e.AbstractTransferListenerAdapter - Downloading http://maven.aliyun.com/nexus/content/repositories/central/com/netflix/hystrix/hystrix-serialization/1.5.12/hystrix-serialization-1.5.12.pom
2017-07-23 10:26:38,012 [Worker-27] INFO  o.e.m.c.i.e.AbstractTransferListenerAdapter - Downloaded http://maven.aliyun.com/nexus/content/repositories/central/com/netflix/hystrix/hystrix-serialization/1.5.12/hystrix-serialization-1.5.12.pom
2017-07-23 10:26:38,139 [Worker-27] INFO  o.e.m.c.i.e.AbstractTransferListenerAdapter - Downloading http://maven.aliyun.com/nexus/content/repositories/central/com/fasterxml/jackson/module/jackson-module-afterburner/2.8.8/jackson-module-afterburner-2.8.8.pom
2017-07-23 10:26:38,190 [Worker-27] INFO  o.e.m.c.i.e.AbstractTransferListenerAdapter - Downloaded http://maven.aliyun.com/nexus/content/repositories/central/com/fasterxml/jackson/module/jackson-module-afterburner/2.8.8/jackson-module-afterburner-2.8.8.pom
2017-07-23 10:26:38,295 [Worker-27] INFO  o.e.m.c.i.e.AbstractTransferListenerAdapter - Downloading http://maven.aliyun.com/nexus/content/repositories/central/com/fasterxml/jackson/module/jackson-modules-base/2.8.8/jackson-modules-base-2.8.8.pom
2017-07-23 10:26:38,353 [Worker-27] INFO  o.e.m.c.i.e.AbstractTransferListenerAdapter - Downloaded http://maven.aliyun.com/nexus/content/repositories/central/com/fasterxml/jackson/module/jackson-modules-base/2.8.8/jackson-modules-base-2.8.8.pom
2017-07-23 10:26:38,466 [Worker-27] INFO  o.e.m.c.i.e.AbstractTransferListenerAdapter - Downloading http://maven.aliyun.com/nexus/content/repositories/central/com/netflix/hystrix/hystrix-javanica/1.5.12/hystrix-javanica-1.5.12.pom
2017-07-23 10:26:38,518 [Worker-27] INFO  o.e.m.c.i.e.AbstractTransferListenerAdapter - Downloaded http://maven.aliyun.com/nexus/content/repositories/central/com/netflix/hystrix/hystrix-javanica/1.5.12/hystrix-javanica-1.5.12.pom
2017-07-23 10:26:38,662 [Worker-27] INFO  o.e.m.c.i.e.AbstractTransferListenerAdapter - Downloading http://maven.aliyun.com/nexus/content/repositories/central/org/ow2/asm/asm/5.0.4/asm-5.0.4.pom
2017-07-23 10:26:38,713 [Worker-27] INFO  o.e.m.c.i.e.AbstractTransferListenerAdapter - Downloaded http://maven.aliyun.com/nexus/content/repositories/central/org/ow2/asm/asm/5.0.4/asm-5.0.4.pom
2017-07-23 10:26:38,808 [Worker-27] INFO  o.e.m.c.i.e.AbstractTransferListenerAdapter - Downloading http://maven.aliyun.com/nexus/content/repositories/central/org/ow2/asm/asm-parent/5.0.4/asm-parent-5.0.4.pom
2017-07-23 10:26:38,863 [Worker-27] INFO  o.e.m.c.i.e.AbstractTransferListenerAdapter - Downloaded http://maven.aliyun.com/nexus/content/repositories/central/org/ow2/asm/asm-parent/5.0.4/asm-parent-5.0.4.pom
2017-07-23 10:26:39,093 [Worker-27] INFO  o.e.m.c.i.e.AbstractTransferListenerAdapter - Downloading http://maven.aliyun.com/nexus/content/repositories/central/org/springframework/cloud/spring-cloud-starter-hystrix/1.3.1.RELEASE/spring-cloud-starter-hystrix-1.3.1.RELEASE.jar
2017-07-23 10:26:39,184 [Worker-27] INFO  o.e.m.c.i.e.AbstractTransferListenerAdapter - Downloaded http://maven.aliyun.com/nexus/content/repositories/central/org/springframework/cloud/spring-cloud-starter-hystrix/1.3.1.RELEASE/spring-cloud-starter-hystrix-1.3.1.RELEASE.jar
2017-07-23 10:26:39,400 [Worker-27] INFO  o.e.m.c.i.e.AbstractTransferListenerAdapter - Downloading http://maven.aliyun.com/nexus/content/repositories/central/com/netflix/hystrix/hystrix-metrics-event-stream/1.5.12/hystrix-metrics-event-stream-1.5.12.jar
2017-07-23 10:26:39,443 [Worker-27] INFO  o.e.m.c.i.e.AbstractTransferListenerAdapter - Downloaded http://maven.aliyun.com/nexus/content/repositories/central/com/netflix/hystrix/hystrix-metrics-event-stream/1.5.12/hystrix-metrics-event-stream-1.5.12.jar
2017-07-23 10:26:39,641 [Worker-27] INFO  o.e.m.c.i.e.AbstractTransferListenerAdapter - Downloading http://maven.aliyun.com/nexus/content/repositories/central/com/netflix/hystrix/hystrix-serialization/1.5.12/hystrix-serialization-1.5.12.jar
2017-07-23 10:26:39,693 [Worker-27] INFO  o.e.m.c.i.e.AbstractTransferListenerAdapter - Downloaded http://maven.aliyun.com/nexus/content/repositories/central/com/netflix/hystrix/hystrix-serialization/1.5.12/hystrix-serialization-1.5.12.jar
2017-07-23 10:26:39,980 [Worker-27] INFO  o.e.m.c.i.e.AbstractTransferListenerAdapter - Downloading http://maven.aliyun.com/nexus/content/repositories/central/com/fasterxml/jackson/module/jackson-module-afterburner/2.8.8/jackson-module-afterburner-2.8.8.jar
2017-07-23 10:26:40,021 [Worker-27] INFO  o.e.m.c.i.e.AbstractTransferListenerAdapter - Downloaded http://maven.aliyun.com/nexus/content/repositories/central/com/fasterxml/jackson/module/jackson-module-afterburner/2.8.8/jackson-module-afterburner-2.8.8.jar
2017-07-23 10:26:40,498 [Worker-27] INFO  o.e.m.c.i.e.AbstractTransferListenerAdapter - Downloading http://maven.aliyun.com/nexus/content/repositories/central/com/netflix/hystrix/hystrix-javanica/1.5.12/hystrix-javanica-1.5.12.jar
2017-07-23 10:26:40,537 [Worker-27] INFO  o.e.m.c.i.e.AbstractTransferListenerAdapter - Downloaded http://maven.aliyun.com/nexus/content/repositories/central/com/netflix/hystrix/hystrix-javanica/1.5.12/hystrix-javanica-1.5.12.jar
2017-07-23 10:26:40,674 [Worker-27] INFO  o.e.m.c.i.e.AbstractTransferListenerAdapter - Downloading http://maven.aliyun.com/nexus/content/repositories/central/org/ow2/asm/asm/5.0.4/asm-5.0.4.jar
2017-07-23 10:26:40,709 [Worker-27] INFO  o.e.m.c.i.e.AbstractTransferListenerAdapter - Downloaded http://maven.aliyun.com/nexus/content/repositories/central/org/ow2/asm/asm/5.0.4/asm-5.0.4.jar
2017-07-23 10:26:42,665 [Worker-27] INFO  o.e.m.j.i.AbstractJavaProjectConfigurator - Adding source folder /owl-bookstore-common/src/main/java
2017-07-23 10:26:42,666 [Worker-27] INFO  o.e.m.j.i.AbstractJavaProjectConfigurator - Adding resource folder /owl-bookstore-common/src/main/resources
2017-07-23 10:26:42,670 [Worker-27] INFO  o.e.m.j.i.AbstractJavaProjectConfigurator - Adding resource folder /owl-bookstore-common/src/main/resources
2017-07-23 10:26:42,676 [Worker-27] INFO  o.e.m.j.i.AbstractJavaProjectConfigurator - Adding source folder /owl-bookstore-common/src/test/java
2017-07-23 10:26:43,616 [Worker-27] INFO  o.e.m.j.i.AbstractJavaProjectConfigurator - Adding source folder /owl-bookstore-facade-user/src/main/java
2017-07-23 10:26:43,617 [Worker-27] INFO  o.e.m.j.i.AbstractJavaProjectConfigurator - Adding resource folder /owl-bookstore-facade-user/src/main/resources
2017-07-23 10:26:43,621 [Worker-27] INFO  o.e.m.j.i.AbstractJavaProjectConfigurator - Adding resource folder /owl-bookstore-facade-user/src/main/resources
2017-07-23 10:26:43,625 [Worker-27] INFO  o.e.m.j.i.AbstractJavaProjectConfigurator - Adding source folder /owl-bookstore-facade-user/src/test/java
2017-07-23 10:26:45,521 [Worker-27] INFO  o.e.m.j.i.AbstractJavaProjectConfigurator - Adding source folder /owl-bookstore-common-core/src/main/java
2017-07-23 10:26:45,521 [Worker-27] INFO  o.e.m.j.i.AbstractJavaProjectConfigurator - Adding resource folder /owl-bookstore-common-core/src/main/resources
2017-07-23 10:26:45,525 [Worker-27] INFO  o.e.m.j.i.AbstractJavaProjectConfigurator - Adding resource folder /owl-bookstore-common-core/src/main/resources
2017-07-23 10:26:45,525 [Worker-27] INFO  o.e.m.j.i.AbstractJavaProjectConfigurator - Adding source folder /owl-bookstore-common-core/src/test/java
2017-07-23 10:26:45,653 [Worker-27] INFO  o.e.m.j.i.AbstractJavaProjectConfigurator - Adding source folder /owl-bookstore-service-user/src/main/java
2017-07-23 10:26:45,653 [Worker-27] INFO  o.e.m.j.i.AbstractJavaProjectConfigurator - Adding resource folder /owl-bookstore-service-user/src/main/resources
2017-07-23 10:26:45,657 [Worker-27] INFO  o.e.m.j.i.AbstractJavaProjectConfigurator - Adding resource folder /owl-bookstore-service-user/src/main/resources
2017-07-23 10:26:45,661 [Worker-27] INFO  o.e.m.j.i.AbstractJavaProjectConfigurator - Adding source folder /owl-bookstore-service-user/src/test/java
2017-07-23 10:26:45,911 [Worker-27] INFO  o.e.m.j.i.AbstractJavaProjectConfigurator - Adding source folder /owl-bookstore-web-api/src/main/java
2017-07-23 10:26:45,912 [Worker-27] INFO  o.e.m.j.i.AbstractJavaProjectConfigurator - Adding resource folder /owl-bookstore-web-api/src/main/resources
2017-07-23 10:26:45,915 [Worker-27] INFO  o.e.m.j.i.AbstractJavaProjectConfigurator - Adding resource folder /owl-bookstore-web-api/src/main/resources
2017-07-23 10:26:45,919 [Worker-27] INFO  o.e.m.j.i.AbstractJavaProjectConfigurator - Adding source folder /owl-bookstore-web-api/src/test/java
2017-07-23 10:26:47,731 [Worker-27] INFO  o.e.m.j.i.AbstractJavaProjectConfigurator - Adding source folder /owl-bookstore-eureka-server/src/main/java
2017-07-23 10:26:47,731 [Worker-27] INFO  o.e.m.j.i.AbstractJavaProjectConfigurator - Adding resource folder /owl-bookstore-eureka-server/src/main/resources
2017-07-23 10:26:47,734 [Worker-27] INFO  o.e.m.j.i.AbstractJavaProjectConfigurator - Adding resource folder /owl-bookstore-eureka-server/src/main/resources
2017-07-23 10:26:47,738 [Worker-27] INFO  o.e.m.j.i.AbstractJavaProjectConfigurator - Adding source folder /owl-bookstore-eureka-server/src/test/java
2017-07-23 10:26:47,950 [Worker-27] INFO  o.e.m.j.i.AbstractJavaProjectConfigurator - Adding source folder /owl-bookstore-web-console/src/main/java
2017-07-23 10:26:47,951 [Worker-27] INFO  o.e.m.j.i.AbstractJavaProjectConfigurator - Adding resource folder /owl-bookstore-web-console/src/main/resources
2017-07-23 10:26:47,955 [Worker-27] INFO  o.e.m.j.i.AbstractJavaProjectConfigurator - Adding resource folder /owl-bookstore-web-console/src/main/resources
2017-07-23 10:26:47,959 [Worker-27] INFO  o.e.m.j.i.AbstractJavaProjectConfigurator - Adding source folder /owl-bookstore-web-console/src/test/java
2017-07-23 10:26:49,377 [Worker-27] INFO  o.e.m.c.i.p.ProjectConfigurationManager - Imported and configured 7 project(s) in 19 sec
2017-07-23 10:26:50,933 [Worker-30] INFO  o.e.m.c.i.embedder.EclipseLogger - Using 'UTF-8' encoding to copy filtered resources.
2017-07-23 10:26:50,937 [Worker-30] INFO  o.e.m.c.i.embedder.EclipseLogger - Copying 1 resource
2017-07-23 10:26:50,947 [Worker-30] INFO  o.e.m.c.i.embedder.EclipseLogger - Copying 0 resource
2017-07-23 10:26:50,950 [Worker-30] INFO  o.e.m.c.i.embedder.EclipseLogger - Using 'UTF-8' encoding to copy filtered resources.
2017-07-23 10:26:50,950 [Worker-30] INFO  o.e.m.c.i.embedder.EclipseLogger - skip non existing resourceDirectory D:\Project\bysoft\owl-bookstore\owl-bookstore-common\src\test\resources
2017-07-23 10:27:05,126 [Worker-27] INFO  o.e.m.c.i.embedder.EclipseLogger - Using 'UTF-8' encoding to copy filtered resources.
2017-07-23 10:27:05,127 [Worker-27] INFO  o.e.m.c.i.embedder.EclipseLogger - Copying 1 resource
2017-07-23 10:27:05,128 [Worker-27] INFO  o.e.m.c.i.embedder.EclipseLogger - Copying 0 resource
2017-07-23 10:27:05,130 [Worker-27] INFO  o.e.m.c.i.embedder.EclipseLogger - Using 'UTF-8' encoding to copy filtered resources.
2017-07-23 10:27:05,131 [Worker-27] INFO  o.e.m.c.i.embedder.EclipseLogger - skip non existing resourceDirectory D:\Project\bysoft\owl-bookstore\owl-bookstore-common-core\src\test\resources
2017-07-23 10:27:06,224 [Worker-27] INFO  o.e.m.c.i.embedder.EclipseLogger - Using 'UTF-8' encoding to copy filtered resources.
2017-07-23 10:27:06,224 [Worker-27] INFO  o.e.m.c.i.embedder.EclipseLogger - Copying 4 resources
2017-07-23 10:27:06,228 [Worker-27] INFO  o.e.m.c.i.embedder.EclipseLogger - Copying 0 resource
2017-07-23 10:27:06,229 [Worker-27] INFO  o.e.m.c.i.embedder.EclipseLogger - Using 'UTF-8' encoding to copy filtered resources.
2017-07-23 10:27:06,230 [Worker-27] INFO  o.e.m.c.i.embedder.EclipseLogger - skip non existing resourceDirectory D:\Project\bysoft\owl-bookstore\owl-bookstore-eureka-server\src\test\resources
2017-07-23 10:27:07,642 [Worker-33] INFO  o.e.m.c.i.embedder.EclipseLogger - Using 'UTF-8' encoding to copy filtered resources.
2017-07-23 10:27:07,642 [Worker-33] INFO  o.e.m.c.i.embedder.EclipseLogger - Copying 1 resource
2017-07-23 10:27:07,644 [Worker-33] INFO  o.e.m.c.i.embedder.EclipseLogger - Copying 0 resource
2017-07-23 10:27:07,645 [Worker-33] INFO  o.e.m.c.i.embedder.EclipseLogger - Using 'UTF-8' encoding to copy filtered resources.
2017-07-23 10:27:07,645 [Worker-33] INFO  o.e.m.c.i.embedder.EclipseLogger - skip non existing resourceDirectory D:\Project\bysoft\owl-bookstore\owl-bookstore-facade-user\src\test\resources
2017-07-23 10:27:08,505 [Worker-33] INFO  o.e.m.c.i.embedder.EclipseLogger - Using 'UTF-8' encoding to copy filtered resources.
2017-07-23 10:27:08,505 [Worker-33] INFO  o.e.m.c.i.embedder.EclipseLogger - Copying 2 resources
2017-07-23 10:27:08,507 [Worker-33] INFO  o.e.m.c.i.embedder.EclipseLogger - Copying 2 resources
2017-07-23 10:27:08,512 [Worker-33] INFO  o.e.m.c.i.embedder.EclipseLogger - Using 'UTF-8' encoding to copy filtered resources.
2017-07-23 10:27:08,513 [Worker-33] INFO  o.e.m.c.i.embedder.EclipseLogger - skip non existing resourceDirectory D:\Project\bysoft\owl-bookstore\owl-bookstore-service-user\src\test\resources
2017-07-23 10:27:09,837 [Worker-33] INFO  o.e.m.c.i.embedder.EclipseLogger - Using 'UTF-8' encoding to copy filtered resources.
2017-07-23 10:27:09,838 [Worker-33] INFO  o.e.m.c.i.embedder.EclipseLogger - Copying 2 resources
2017-07-23 10:27:09,839 [Worker-33] INFO  o.e.m.c.i.embedder.EclipseLogger - Copying 0 resource
2017-07-23 10:27:09,841 [Worker-33] INFO  o.e.m.c.i.embedder.EclipseLogger - Using 'UTF-8' encoding to copy filtered resources.
2017-07-23 10:27:09,841 [Worker-33] INFO  o.e.m.c.i.embedder.EclipseLogger - skip non existing resourceDirectory D:\Project\bysoft\owl-bookstore\owl-bookstore-web-api\src\test\resources
2017-07-23 10:27:10,951 [Worker-33] INFO  o.e.m.c.i.embedder.EclipseLogger - Using 'UTF-8' encoding to copy filtered resources.
2017-07-23 10:27:10,952 [Worker-33] INFO  o.e.m.c.i.embedder.EclipseLogger - Copying 2 resources
2017-07-23 10:27:10,954 [Worker-33] INFO  o.e.m.c.i.embedder.EclipseLogger - Copying 0 resource
2017-07-23 10:27:10,955 [Worker-33] INFO  o.e.m.c.i.embedder.EclipseLogger - Using 'UTF-8' encoding to copy filtered resources.
2017-07-23 10:27:10,955 [Worker-33] INFO  o.e.m.c.i.embedder.EclipseLogger - skip non existing resourceDirectory D:\Project\bysoft\owl-bookstore\owl-bookstore-web-console\src\test\resources
2017-07-24 23:08:27,383 [Worker-79] INFO  o.e.m.c.i.embedder.EclipseLogger - Using 'UTF-8' encoding to copy filtered resources.
2017-07-24 23:08:27,385 [Worker-79] INFO  o.e.m.c.i.embedder.EclipseLogger - Copying 1 resource
2017-07-24 23:08:27,386 [Worker-79] INFO  o.e.m.c.i.embedder.EclipseLogger - Copying 0 resource
2017-07-24 23:08:27,387 [Worker-79] INFO  o.e.m.c.i.embedder.EclipseLogger - Using 'UTF-8' encoding to copy filtered resources.
2017-07-24 23:08:27,388 [Worker-79] INFO  o.e.m.c.i.embedder.EclipseLogger - skip non existing resourceDirectory D:\Project\bysoft\owl-bookstore\owl-bookstore-facade-user\src\test\resources
2017-07-24 23:08:28,589 [Worker-79] INFO  o.e.m.c.i.embedder.EclipseLogger - Using 'UTF-8' encoding to copy filtered resources.
2017-07-24 23:08:28,590 [Worker-79] INFO  o.e.m.c.i.embedder.EclipseLogger - Copying 2 resources
2017-07-24 23:08:28,597 [Worker-79] INFO  o.e.m.c.i.embedder.EclipseLogger - Copying 2 resources
2017-07-24 23:08:28,600 [Worker-79] INFO  o.e.m.c.i.embedder.EclipseLogger - Using 'UTF-8' encoding to copy filtered resources.
2017-07-24 23:08:28,600 [Worker-79] INFO  o.e.m.c.i.embedder.EclipseLogger - skip non existing resourceDirectory D:\Project\bysoft\owl-bookstore\owl-bookstore-service-user\src\test\resources
2017-07-24 23:09:03,062 [Worker-79] INFO  o.e.m.c.i.embedder.EclipseLogger - Using 'UTF-8' encoding to copy filtered resources.
2017-07-24 23:09:03,063 [Worker-79] INFO  o.e.m.c.i.embedder.EclipseLogger - Copying 2 resources
2017-07-24 23:09:03,065 [Worker-79] INFO  o.e.m.c.i.embedder.EclipseLogger - Copying 2 resources
2017-07-24 23:09:03,067 [Worker-79] INFO  o.e.m.c.i.embedder.EclipseLogger - Using 'UTF-8' encoding to copy filtered resources.
2017-07-24 23:09:03,067 [Worker-79] INFO  o.e.m.c.i.embedder.EclipseLogger - skip non existing resourceDirectory D:\Project\bysoft\owl-bookstore\owl-bookstore-service-user\src\test\resources
2017-07-24 23:12:36,557 [Worker-82] INFO  o.e.m.c.i.embedder.EclipseLogger - Using 'UTF-8' encoding to copy filtered resources.
2017-07-24 23:12:36,558 [Worker-82] INFO  o.e.m.c.i.embedder.EclipseLogger - Copying 2 resources
2017-07-24 23:12:36,561 [Worker-82] INFO  o.e.m.c.i.embedder.EclipseLogger - Copying 2 resources
2017-07-24 23:12:36,563 [Worker-82] INFO  o.e.m.c.i.embedder.EclipseLogger - Using 'UTF-8' encoding to copy filtered resources.
2017-07-24 23:12:36,563 [Worker-82] INFO  o.e.m.c.i.embedder.EclipseLogger - skip non existing resourceDirectory D:\Project\bysoft\owl-bookstore\owl-bookstore-service-user\src\test\resources
2017-07-24 23:12:54,095 [Worker-80] INFO  o.e.m.c.i.embedder.EclipseLogger - Using 'UTF-8' encoding to copy filtered resources.
2017-07-24 23:12:54,095 [Worker-80] INFO  o.e.m.c.i.embedder.EclipseLogger - Copying 2 resources
2017-07-24 23:12:54,098 [Worker-80] INFO  o.e.m.c.i.embedder.EclipseLogger - Copying 2 resources
2017-07-24 23:12:54,100 [Worker-80] INFO  o.e.m.c.i.embedder.EclipseLogger - Using 'UTF-8' encoding to copy filtered resources.
2017-07-24 23:12:54,100 [Worker-80] INFO  o.e.m.c.i.embedder.EclipseLogger - skip non existing resourceDirectory D:\Project\bysoft\owl-bookstore\owl-bookstore-service-user\src\test\resources
2017-07-24 23:12:58,375 [Worker-83] INFO  o.e.m.c.i.embedder.EclipseLogger - Using 'UTF-8' encoding to copy filtered resources.
2017-07-24 23:12:58,376 [Worker-83] INFO  o.e.m.c.i.embedder.EclipseLogger - Copying 2 resources
2017-07-24 23:12:58,384 [Worker-83] INFO  o.e.m.c.i.embedder.EclipseLogger - Copying 0 resource
2017-07-24 23:12:58,387 [Worker-83] INFO  o.e.m.c.i.embedder.EclipseLogger - Using 'UTF-8' encoding to copy filtered resources.
2017-07-24 23:12:58,387 [Worker-83] INFO  o.e.m.c.i.embedder.EclipseLogger - skip non existing resourceDirectory D:\Project\bysoft\owl-bookstore\owl-bookstore-web-api\src\test\resources
2017-07-24 23:13:42,558 [Worker-82] INFO  o.e.m.c.i.embedder.EclipseLogger - Using 'UTF-8' encoding to copy filtered resources.
2017-07-24 23:13:42,559 [Worker-82] INFO  o.e.m.c.i.embedder.EclipseLogger - Copying 2 resources
2017-07-24 23:13:42,560 [Worker-82] INFO  o.e.m.c.i.embedder.EclipseLogger - Copying 0 resource
2017-07-24 23:13:42,562 [Worker-82] INFO  o.e.m.c.i.embedder.EclipseLogger - Using 'UTF-8' encoding to copy filtered resources.
2017-07-24 23:13:42,562 [Worker-82] INFO  o.e.m.c.i.embedder.EclipseLogger - skip non existing resourceDirectory D:\Project\bysoft\owl-bookstore\owl-bookstore-web-api\src\test\resources
2017-07-24 23:14:57,864 [Worker-79] INFO  o.e.m.c.i.l.LifecycleMappingFactory - Using org.maven.ide.eclipse.wtp.WarLifecycleMapping lifecycle mapping for MavenProject: cn.net.bysoft:owl-bookstore-web-api:1.0-SNAPSHOT @ D:\Project\bysoft\owl-bookstore\owl-bookstore-web-api\pom.xml.
2017-07-24 23:15:00,059 [Worker-79] INFO  o.e.m.c.i.embedder.EclipseLogger - Using 'UTF-8' encoding to copy filtered resources.
2017-07-24 23:15:00,059 [Worker-79] INFO  o.e.m.c.i.embedder.EclipseLogger - Copying 0 resource
2017-07-24 23:15:00,059 [Worker-79] INFO  o.e.m.c.i.embedder.EclipseLogger - Copying 0 resource
2017-07-24 23:15:00,064 [Worker-79] INFO  o.e.m.c.i.embedder.EclipseLogger - Using 'UTF-8' encoding to copy filtered resources.
2017-07-24 23:15:00,064 [Worker-79] INFO  o.e.m.c.i.embedder.EclipseLogger - skip non existing resourceDirectory D:\Project\bysoft\owl-bookstore\owl-bookstore-web-api\src\test\resources
2017-07-24 23:15:00,069 [Worker-79] INFO  o.e.m.w.i.f.ResourceFilteringBuildParticipant - Changed resources require a complete clean of filtered resources of owl-bookstore-web-api
2017-07-24 23:15:00,071 [Worker-79] INFO  o.e.m.w.i.f.ResourceFilteringBuildParticipant - Executing resource filtering for owl-bookstore-web-api
2017-07-24 23:15:00,077 [Worker-79] INFO  o.e.m.c.i.embedder.EclipseLogger - Using 'UTF-8' encoding to copy filtered resources.
2017-07-24 23:15:01,757 [Worker-83] INFO  o.e.m.c.i.embedder.EclipseLogger - Using 'UTF-8' encoding to copy filtered resources.
2017-07-24 23:15:01,757 [Worker-83] INFO  o.e.m.c.i.embedder.EclipseLogger - Copying 2 resources
2017-07-24 23:15:01,759 [Worker-83] INFO  o.e.m.c.i.embedder.EclipseLogger - Copying 0 resource
2017-07-24 23:15:01,761 [Worker-83] INFO  o.e.m.c.i.embedder.EclipseLogger - Using 'UTF-8' encoding to copy filtered resources.
2017-07-24 23:15:01,762 [Worker-83] INFO  o.e.m.c.i.embedder.EclipseLogger - skip non existing resourceDirectory D:\Project\bysoft\owl-bookstore\owl-bookstore-web-api\src\test\resources
2017-07-24 23:15:03,881 [Worker-75] INFO  o.e.m.c.i.embedder.EclipseLogger - Using 'UTF-8' encoding to copy filtered resources.
2017-07-24 23:15:03,881 [Worker-75] INFO  o.e.m.c.i.embedder.EclipseLogger - Copying 2 resources
2017-07-24 23:15:03,884 [Worker-75] INFO  o.e.m.c.i.embedder.EclipseLogger - Copying 0 resource
2017-07-24 23:15:03,886 [Worker-75] INFO  o.e.m.c.i.embedder.EclipseLogger - Using 'UTF-8' encoding to copy filtered resources.
2017-07-24 23:15:03,886 [Worker-75] INFO  o.e.m.c.i.embedder.EclipseLogger - skip non existing resourceDirectory D:\Project\bysoft\owl-bookstore\owl-bookstore-web-api\src\test\resources
2017-07-24 23:21:01,459 [Worker-78] INFO  o.e.m.c.i.embedder.EclipseLogger - Using 'UTF-8' encoding to copy filtered resources.
2017-07-24 23:21:01,460 [Worker-78] INFO  o.e.m.c.i.embedder.EclipseLogger - Copying 2 resources
2017-07-24 23:21:01,462 [Worker-78] INFO  o.e.m.c.i.embedder.EclipseLogger - Copying 0 resource
2017-07-24 23:21:01,464 [Worker-78] INFO  o.e.m.c.i.embedder.EclipseLogger - Using 'UTF-8' encoding to copy filtered resources.
2017-07-24 23:21:01,464 [Worker-78] INFO  o.e.m.c.i.embedder.EclipseLogger - skip non existing resourceDirectory D:\Project\bysoft\owl-bookstore\owl-bookstore-web-api\src\test\resources
2017-07-24 23:21:27,680 [Worker-85] INFO  o.e.m.c.i.embedder.EclipseLogger - Using 'UTF-8' encoding to copy filtered resources.
2017-07-24 23:21:27,680 [Worker-85] INFO  o.e.m.c.i.embedder.EclipseLogger - Copying 2 resources
2017-07-24 23:21:27,682 [Worker-85] INFO  o.e.m.c.i.embedder.EclipseLogger - Copying 0 resource
2017-07-24 23:21:27,683 [Worker-85] INFO  o.e.m.c.i.embedder.EclipseLogger - Using 'UTF-8' encoding to copy filtered resources.
2017-07-24 23:21:27,683 [Worker-85] INFO  o.e.m.c.i.embedder.EclipseLogger - skip non existing resourceDirectory D:\Project\bysoft\owl-bookstore\owl-bookstore-web-api\src\test\resources
2017-07-24 23:23:49,523 [Worker-81] INFO  o.e.m.c.i.embedder.EclipseLogger - Using 'UTF-8' encoding to copy filtered resources.
2017-07-24 23:23:49,523 [Worker-81] INFO  o.e.m.c.i.embedder.EclipseLogger - Copying 2 resources
2017-07-24 23:23:49,525 [Worker-81] INFO  o.e.m.c.i.embedder.EclipseLogger - Copying 0 resource
2017-07-24 23:23:49,527 [Worker-81] INFO  o.e.m.c.i.embedder.EclipseLogger - Using 'UTF-8' encoding to copy filtered resources.
2017-07-24 23:23:49,527 [Worker-81] INFO  o.e.m.c.i.embedder.EclipseLogger - skip non existing resourceDirectory D:\Project\bysoft\owl-bookstore\owl-bookstore-web-api\src\test\resources
2017-07-24 23:29:11,080 [Worker-81] INFO  o.e.m.c.i.embedder.EclipseLogger - Using 'UTF-8' encoding to copy filtered resources.
2017-07-24 23:29:11,080 [Worker-81] INFO  o.e.m.c.i.embedder.EclipseLogger - Copying 2 resources
2017-07-24 23:29:11,082 [Worker-81] INFO  o.e.m.c.i.embedder.EclipseLogger - Copying 0 resource
2017-07-24 23:29:11,084 [Worker-81] INFO  o.e.m.c.i.embedder.EclipseLogger - Using 'UTF-8' encoding to copy filtered resources.
2017-07-24 23:29:11,084 [Worker-81] INFO  o.e.m.c.i.embedder.EclipseLogger - skip non existing resourceDirectory D:\Project\bysoft\owl-bookstore\owl-bookstore-web-api\src\test\resources
2017-07-24 23:30:47,540 [Worker-90] INFO  o.e.m.c.i.embedder.EclipseLogger - Using 'UTF-8' encoding to copy filtered resources.
2017-07-24 23:30:47,541 [Worker-90] INFO  o.e.m.c.i.embedder.EclipseLogger - Copying 2 resources
2017-07-24 23:30:47,549 [Worker-90] INFO  o.e.m.c.i.embedder.EclipseLogger - Copying 0 resource
2017-07-24 23:30:47,552 [Worker-90] INFO  o.e.m.c.i.embedder.EclipseLogger - Using 'UTF-8' encoding to copy filtered resources.
2017-07-24 23:30:47,552 [Worker-90] INFO  o.e.m.c.i.embedder.EclipseLogger - skip non existing resourceDirectory D:\Project\bysoft\owl-bookstore\owl-bookstore-web-console\src\test\resources
2017-07-24 23:30:56,226 [Worker-90] INFO  o.e.m.c.i.embedder.EclipseLogger - Using 'UTF-8' encoding to copy filtered resources.
2017-07-24 23:30:56,227 [Worker-90] INFO  o.e.m.c.i.embedder.EclipseLogger - Copying 2 resources
2017-07-24 23:30:56,228 [Worker-90] INFO  o.e.m.c.i.embedder.EclipseLogger - Copying 0 resource
2017-07-24 23:30:56,231 [Worker-90] INFO  o.e.m.c.i.embedder.EclipseLogger - Using 'UTF-8' encoding to copy filtered resources.
2017-07-24 23:30:56,231 [Worker-90] INFO  o.e.m.c.i.embedder.EclipseLogger - skip non existing resourceDirectory D:\Project\bysoft\owl-bookstore\owl-bookstore-web-console\src\test\resources
2017-07-24 23:31:02,155 [Worker-81] INFO  o.e.m.c.i.embedder.EclipseLogger - Using 'UTF-8' encoding to copy filtered resources.
2017-07-24 23:31:02,156 [Worker-81] INFO  o.e.m.c.i.embedder.EclipseLogger - Copying 2 resources
2017-07-24 23:31:02,158 [Worker-81] INFO  o.e.m.c.i.embedder.EclipseLogger - Copying 0 resource
2017-07-24 23:31:02,160 [Worker-81] INFO  o.e.m.c.i.embedder.EclipseLogger - Using 'UTF-8' encoding to copy filtered resources.
2017-07-24 23:31:02,160 [Worker-81] INFO  o.e.m.c.i.embedder.EclipseLogger - skip non existing resourceDirectory D:\Project\bysoft\owl-bookstore\owl-bookstore-web-api\src\test\resources
2017-07-24 23:31:05,456 [Worker-92] INFO  o.e.m.c.i.embedder.EclipseLogger - Using 'UTF-8' encoding to copy filtered resources.
2017-07-24 23:31:05,457 [Worker-92] INFO  o.e.m.c.i.embedder.EclipseLogger - Copying 2 resources
2017-07-24 23:31:05,459 [Worker-92] INFO  o.e.m.c.i.embedder.EclipseLogger - Copying 0 resource
2017-07-24 23:31:05,461 [Worker-92] INFO  o.e.m.c.i.embedder.EclipseLogger - Using 'UTF-8' encoding to copy filtered resources.
2017-07-24 23:31:05,461 [Worker-92] INFO  o.e.m.c.i.embedder.EclipseLogger - skip non existing resourceDirectory D:\Project\bysoft\owl-bookstore\owl-bookstore-web-api\src\test\resources
2017-07-24 23:31:36,311 [Worker-90] INFO  o.e.m.c.i.l.LifecycleMappingFactory - Using org.maven.ide.eclipse.wtp.WarLifecycleMapping lifecycle mapping for MavenProject: cn.net.bysoft:owl-bookstore-web-api:1.0-SNAPSHOT @ D:\Project\bysoft\owl-bookstore\owl-bookstore-web-api\pom.xml.
2017-07-24 23:31:38,028 [Worker-90] INFO  o.e.m.c.i.embedder.EclipseLogger - Using 'UTF-8' encoding to copy filtered resources.
2017-07-24 23:31:38,029 [Worker-90] INFO  o.e.m.c.i.embedder.EclipseLogger - Copying 0 resource
2017-07-24 23:31:38,029 [Worker-90] INFO  o.e.m.c.i.embedder.EclipseLogger - Copying 0 resource
2017-07-24 23:31:38,031 [Worker-90] INFO  o.e.m.c.i.embedder.EclipseLogger - Using 'UTF-8' encoding to copy filtered resources.
2017-07-24 23:31:38,032 [Worker-90] INFO  o.e.m.c.i.embedder.EclipseLogger - skip non existing resourceDirectory D:\Project\bysoft\owl-bookstore\owl-bookstore-web-api\src\test\resources
2017-07-24 23:31:38,032 [Worker-90] INFO  o.e.m.w.i.f.ResourceFilteringBuildParticipant - Changed resources require a complete clean of filtered resources of owl-bookstore-web-api
2017-07-24 23:31:38,032 [Worker-90] INFO  o.e.m.w.i.f.ResourceFilteringBuildParticipant - Executing resource filtering for owl-bookstore-web-api
2017-07-24 23:31:38,036 [Worker-90] INFO  o.e.m.c.i.embedder.EclipseLogger - Using 'UTF-8' encoding to copy filtered resources.
2017-07-24 23:31:40,021 [Worker-90] INFO  o.e.m.c.i.embedder.EclipseLogger - Using 'UTF-8' encoding to copy filtered resources.
2017-07-24 23:31:40,021 [Worker-90] INFO  o.e.m.c.i.embedder.EclipseLogger - Copying 2 resources
2017-07-24 23:31:40,023 [Worker-90] INFO  o.e.m.c.i.embedder.EclipseLogger - Copying 0 resource
2017-07-24 23:31:40,025 [Worker-90] INFO  o.e.m.c.i.embedder.EclipseLogger - Using 'UTF-8' encoding to copy filtered resources.
2017-07-24 23:31:40,026 [Worker-90] INFO  o.e.m.c.i.embedder.EclipseLogger - skip non existing resourceDirectory D:\Project\bysoft\owl-bookstore\owl-bookstore-web-api\src\test\resources
2017-07-24 23:31:50,155 [Worker-91] INFO  o.e.m.c.i.embedder.EclipseLogger - Using 'UTF-8' encoding to copy filtered resources.
2017-07-24 23:31:50,156 [Worker-91] INFO  o.e.m.c.i.embedder.EclipseLogger - Copying 2 resources
2017-07-24 23:31:50,158 [Worker-91] INFO  o.e.m.c.i.embedder.EclipseLogger - Copying 0 resource
2017-07-24 23:31:50,160 [Worker-91] INFO  o.e.m.c.i.embedder.EclipseLogger - Using 'UTF-8' encoding to copy filtered resources.
2017-07-24 23:31:50,160 [Worker-91] INFO  o.e.m.c.i.embedder.EclipseLogger - skip non existing resourceDirectory D:\Project\bysoft\owl-bookstore\owl-bookstore-web-api\src\test\resources
2017-07-24 23:31:56,599 [Worker-81] INFO  o.e.m.c.i.embedder.EclipseLogger - Using 'UTF-8' encoding to copy filtered resources.
2017-07-24 23:31:56,599 [Worker-81] INFO  o.e.m.c.i.embedder.EclipseLogger - Copying 2 resources
2017-07-24 23:31:56,601 [Worker-81] INFO  o.e.m.c.i.embedder.EclipseLogger - Copying 0 resource
2017-07-24 23:31:56,603 [Worker-81] INFO  o.e.m.c.i.embedder.EclipseLogger - Using 'UTF-8' encoding to copy filtered resources.
2017-07-24 23:31:56,604 [Worker-81] INFO  o.e.m.c.i.embedder.EclipseLogger - skip non existing resourceDirectory D:\Project\bysoft\owl-bookstore\owl-bookstore-web-api\src\test\resources
2017-07-24 23:32:27,613 [Worker-88] INFO  o.e.m.c.i.embedder.EclipseLogger - Using 'UTF-8' encoding to copy filtered resources.
2017-07-24 23:32:27,614 [Worker-88] INFO  o.e.m.c.i.embedder.EclipseLogger - Copying 2 resources
2017-07-24 23:32:27,616 [Worker-88] INFO  o.e.m.c.i.embedder.EclipseLogger - Copying 0 resource
2017-07-24 23:32:27,618 [Worker-88] INFO  o.e.m.c.i.embedder.EclipseLogger - Using 'UTF-8' encoding to copy filtered resources.
2017-07-24 23:32:27,618 [Worker-88] INFO  o.e.m.c.i.embedder.EclipseLogger - skip non existing resourceDirectory D:\Project\bysoft\owl-bookstore\owl-bookstore-web-api\src\test\resources
2017-07-24 23:33:23,519 [Worker-92] INFO  o.e.m.c.i.embedder.EclipseLogger - Using 'UTF-8' encoding to copy filtered resources.
2017-07-24 23:33:23,519 [Worker-92] INFO  o.e.m.c.i.embedder.EclipseLogger - Copying 2 resources
2017-07-24 23:33:23,526 [Worker-92] INFO  o.e.m.c.i.embedder.EclipseLogger - Copying 0 resource
2017-07-24 23:33:23,527 [Worker-92] INFO  o.e.m.c.i.embedder.EclipseLogger - Using 'UTF-8' encoding to copy filtered resources.
2017-07-24 23:33:23,527 [Worker-92] INFO  o.e.m.c.i.embedder.EclipseLogger - skip non existing resourceDirectory D:\Project\bysoft\owl-bookstore\owl-bookstore-web-api\src\test\resources
2017-07-24 23:33:37,926 [Worker-93] INFO  o.e.m.c.i.embedder.EclipseLogger - Using 'UTF-8' encoding to copy filtered resources.
2017-07-24 23:33:37,927 [Worker-93] INFO  o.e.m.c.i.embedder.EclipseLogger - Copying 2 resources
2017-07-24 23:33:37,936 [Worker-93] INFO  o.e.m.c.i.embedder.EclipseLogger - Copying 2 resources
2017-07-24 23:33:37,938 [Worker-93] INFO  o.e.m.c.i.embedder.EclipseLogger - Using 'UTF-8' encoding to copy filtered resources.
2017-07-24 23:33:37,938 [Worker-93] INFO  o.e.m.c.i.embedder.EclipseLogger - skip non existing resourceDirectory D:\Project\bysoft\owl-bookstore\owl-bookstore-service-user\src\test\resources
2017-07-24 23:36:40,308 [Worker-94] INFO  o.e.m.c.i.embedder.EclipseLogger - Using 'UTF-8' encoding to copy filtered resources.
2017-07-24 23:36:40,309 [Worker-94] INFO  o.e.m.c.i.embedder.EclipseLogger - Copying 2 resources
2017-07-24 23:36:40,314 [Worker-94] INFO  o.e.m.c.i.embedder.EclipseLogger - Copying 0 resource
2017-07-24 23:36:40,315 [Worker-94] INFO  o.e.m.c.i.embedder.EclipseLogger - Using 'UTF-8' encoding to copy filtered resources.
2017-07-24 23:36:40,316 [Worker-94] INFO  o.e.m.c.i.embedder.EclipseLogger - skip non existing resourceDirectory D:\Project\bysoft\owl-bookstore\owl-bookstore-web-api\src\test\resources
2017-07-24 23:36:44,074 [Worker-90] INFO  o.e.m.c.i.embedder.EclipseLogger - Using 'UTF-8' encoding to copy filtered resources.
2017-07-24 23:36:44,075 [Worker-90] INFO  o.e.m.c.i.embedder.EclipseLogger - Copying 2 resources
2017-07-24 23:36:44,084 [Worker-90] INFO  o.e.m.c.i.embedder.EclipseLogger - Copying 0 resource
2017-07-24 23:36:44,085 [Worker-90] INFO  o.e.m.c.i.embedder.EclipseLogger - Using 'UTF-8' encoding to copy filtered resources.
2017-07-24 23:36:44,086 [Worker-90] INFO  o.e.m.c.i.embedder.EclipseLogger - skip non existing resourceDirectory D:\Project\bysoft\owl-bookstore\owl-bookstore-web-api\src\test\resources
2017-07-24 23:36:47,390 [Worker-96] INFO  o.e.m.c.i.embedder.EclipseLogger - Using 'UTF-8' encoding to copy filtered resources.
2017-07-24 23:36:47,390 [Worker-96] INFO  o.e.m.c.i.embedder.EclipseLogger - Copying 2 resources
2017-07-24 23:36:47,396 [Worker-96] INFO  o.e.m.c.i.embedder.EclipseLogger - Copying 0 resource
2017-07-24 23:36:47,398 [Worker-96] INFO  o.e.m.c.i.embedder.EclipseLogger - Using 'UTF-8' encoding to copy filtered resources.
2017-07-24 23:36:47,398 [Worker-96] INFO  o.e.m.c.i.embedder.EclipseLogger - skip non existing resourceDirectory D:\Project\bysoft\owl-bookstore\owl-bookstore-web-api\src\test\resources
2017-07-24 23:37:37,945 [Worker-81] INFO  o.e.m.c.i.embedder.EclipseLogger - Using 'UTF-8' encoding to copy filtered resources.
2017-07-24 23:37:37,945 [Worker-81] INFO  o.e.m.c.i.embedder.EclipseLogger - Copying 0 resource
2017-07-24 23:37:37,945 [Worker-81] INFO  o.e.m.c.i.embedder.EclipseLogger - Copying 0 resource
2017-07-24 23:37:37,946 [Worker-81] INFO  o.e.m.c.i.embedder.EclipseLogger - Using 'UTF-8' encoding to copy filtered resources.
2017-07-24 23:37:37,946 [Worker-81] INFO  o.e.m.c.i.embedder.EclipseLogger - skip non existing resourceDirectory D:\Project\bysoft\owl-bookstore\owl-bookstore-facade-user\src\test\resources
2017-07-24 23:37:37,966 [Worker-81] INFO  o.e.m.c.i.embedder.EclipseLogger - Using 'UTF-8' encoding to copy filtered resources.
2017-07-24 23:37:37,966 [Worker-81] INFO  o.e.m.c.i.embedder.EclipseLogger - Copying 0 resource
2017-07-24 23:37:37,966 [Worker-81] INFO  o.e.m.c.i.embedder.EclipseLogger - Copying 0 resource
2017-07-24 23:37:37,967 [Worker-81] INFO  o.e.m.c.i.embedder.EclipseLogger - Using 'UTF-8' encoding to copy filtered resources.
2017-07-24 23:37:37,968 [Worker-81] INFO  o.e.m.c.i.embedder.EclipseLogger - skip non existing resourceDirectory D:\Project\bysoft\owl-bookstore\owl-bookstore-web-api\src\test\resources
2017-07-24 23:37:38,396 [Worker-81] INFO  o.e.m.c.i.embedder.EclipseLogger - Using 'UTF-8' encoding to copy filtered resources.
2017-07-24 23:37:38,396 [Worker-81] INFO  o.e.m.c.i.embedder.EclipseLogger - Copying 0 resource
2017-07-24 23:37:38,396 [Worker-81] INFO  o.e.m.c.i.embedder.EclipseLogger - Copying 0 resource
2017-07-24 23:37:38,398 [Worker-81] INFO  o.e.m.c.i.embedder.EclipseLogger - Using 'UTF-8' encoding to copy filtered resources.
2017-07-24 23:37:38,398 [Worker-81] INFO  o.e.m.c.i.embedder.EclipseLogger - skip non existing resourceDirectory D:\Project\bysoft\owl-bookstore\owl-bookstore-web-console\src\test\resources
2017-07-24 23:38:37,826 [Worker-91] INFO  o.e.m.c.i.e.AbstractTransferListenerAdapter - Downloading http://maven.aliyun.com/nexus/content/repositories/central/io/github/openfeign/feign-hystrix/9.5.0/feign-hystrix-9.5.0-sources.jar
2017-07-24 23:38:37,877 [Worker-91] INFO  o.e.m.c.i.e.AbstractTransferListenerAdapter - Downloaded http://maven.aliyun.com/nexus/content/repositories/central/io/github/openfeign/feign-hystrix/9.5.0/feign-hystrix-9.5.0-sources.jar
2017-07-24 23:38:37,961 [Worker-91] INFO  o.e.m.j.internal.DownloadSourcesJob - Downloaded sources for io.github.openfeign:feign-hystrix:9.5.0
2017-07-24 23:38:38,320 [Worker-99] INFO  o.e.m.c.i.embedder.EclipseLogger - Using 'UTF-8' encoding to copy filtered resources.
2017-07-24 23:38:38,320 [Worker-99] INFO  o.e.m.c.i.embedder.EclipseLogger - Copying 0 resource
2017-07-24 23:38:38,320 [Worker-99] INFO  o.e.m.c.i.embedder.EclipseLogger - Copying 0 resource
2017-07-24 23:38:38,321 [Worker-99] INFO  o.e.m.c.i.embedder.EclipseLogger - Using 'UTF-8' encoding to copy filtered resources.
2017-07-24 23:38:38,321 [Worker-99] INFO  o.e.m.c.i.embedder.EclipseLogger - skip non existing resourceDirectory D:\Project\bysoft\owl-bookstore\owl-bookstore-web-api\src\test\resources
2017-07-24 23:39:27,461 [Worker-103] INFO  o.e.m.c.i.embedder.EclipseLogger - Using 'UTF-8' encoding to copy filtered resources.
2017-07-24 23:39:27,461 [Worker-103] INFO  o.e.m.c.i.embedder.EclipseLogger - Copying 2 resources
2017-07-24 23:39:27,469 [Worker-103] INFO  o.e.m.c.i.embedder.EclipseLogger - Copying 0 resource
2017-07-24 23:39:27,470 [Worker-103] INFO  o.e.m.c.i.embedder.EclipseLogger - Using 'UTF-8' encoding to copy filtered resources.
2017-07-24 23:39:27,471 [Worker-103] INFO  o.e.m.c.i.embedder.EclipseLogger - skip non existing resourceDirectory D:\Project\bysoft\owl-bookstore\owl-bookstore-web-api\src\test\resources
2017-07-24 23:40:40,825 [Worker-81] INFO  o.e.m.c.i.embedder.EclipseLogger - Using 'UTF-8' encoding to copy filtered resources.
2017-07-24 23:40:40,826 [Worker-81] INFO  o.e.m.c.i.embedder.EclipseLogger - Copying 2 resources
2017-07-24 23:40:40,832 [Worker-81] INFO  o.e.m.c.i.embedder.EclipseLogger - Copying 0 resource
2017-07-24 23:40:40,834 [Worker-81] INFO  o.e.m.c.i.embedder.EclipseLogger - Using 'UTF-8' encoding to copy filtered resources.
2017-07-24 23:40:40,834 [Worker-81] INFO  o.e.m.c.i.embedder.EclipseLogger - skip non existing resourceDirectory D:\Project\bysoft\owl-bookstore\owl-bookstore-web-api\src\test\resources
2017-07-24 23:40:44,752 [Worker-105] INFO  o.e.m.c.i.embedder.EclipseLogger - Using 'UTF-8' encoding to copy filtered resources.
2017-07-24 23:40:44,753 [Worker-105] INFO  o.e.m.c.i.embedder.EclipseLogger - Copying 2 resources
2017-07-24 23:40:44,766 [Worker-105] INFO  o.e.m.c.i.embedder.EclipseLogger - Copying 0 resource
2017-07-24 23:40:44,769 [Worker-105] INFO  o.e.m.c.i.embedder.EclipseLogger - Using 'UTF-8' encoding to copy filtered resources.
2017-07-24 23:40:44,769 [Worker-105] INFO  o.e.m.c.i.embedder.EclipseLogger - skip non existing resourceDirectory D:\Project\bysoft\owl-bookstore\owl-bookstore-web-api\src\test\resources
2017-07-24 23:43:08,147 [Worker-103] INFO  o.e.m.c.i.embedder.EclipseLogger - Using 'UTF-8' encoding to copy filtered resources.
2017-07-24 23:43:08,148 [Worker-103] INFO  o.e.m.c.i.embedder.EclipseLogger - Copying 0 resource
2017-07-24 23:43:08,149 [Worker-103] INFO  o.e.m.c.i.embedder.EclipseLogger - Copying 1 resource
2017-07-24 23:43:08,154 [Worker-103] INFO  o.e.m.c.i.embedder.EclipseLogger - Using 'UTF-8' encoding to copy filtered resources.
2017-07-24 23:43:08,154 [Worker-103] INFO  o.e.m.c.i.embedder.EclipseLogger - skip non existing resourceDirectory D:\Project\bysoft\owl-bookstore\owl-bookstore-service-user\src\test\resources
2017-07-24 23:43:43,236 [Worker-100] INFO  o.e.m.c.i.embedder.EclipseLogger - Using 'UTF-8' encoding to copy filtered resources.
2017-07-24 23:43:43,236 [Worker-100] INFO  o.e.m.c.i.embedder.EclipseLogger - Copying 0 resource
2017-07-24 23:43:43,236 [Worker-100] INFO  o.e.m.c.i.embedder.EclipseLogger - Copying 1 resource
2017-07-24 23:43:43,240 [Worker-100] INFO  o.e.m.c.i.embedder.EclipseLogger - Using 'UTF-8' encoding to copy filtered resources.
2017-07-24 23:43:43,240 [Worker-100] INFO  o.e.m.c.i.embedder.EclipseLogger - skip non existing resourceDirectory D:\Project\bysoft\owl-bookstore\owl-bookstore-service-user\src\test\resources
2017-07-24 23:45:14,168 [Worker-103] INFO  o.e.m.c.i.embedder.EclipseLogger - Using 'UTF-8' encoding to copy filtered resources.
2017-07-24 23:45:14,168 [Worker-103] INFO  o.e.m.c.i.embedder.EclipseLogger - Copying 2 resources
2017-07-24 23:45:14,174 [Worker-103] INFO  o.e.m.c.i.embedder.EclipseLogger - Copying 0 resource
2017-07-24 23:45:14,175 [Worker-103] INFO  o.e.m.c.i.embedder.EclipseLogger - Using 'UTF-8' encoding to copy filtered resources.
2017-07-24 23:45:14,176 [Worker-103] INFO  o.e.m.c.i.embedder.EclipseLogger - skip non existing resourceDirectory D:\Project\bysoft\owl-bookstore\owl-bookstore-web-api\src\test\resources
2017-07-24 23:47:41,388 [Worker-94] INFO  o.e.m.c.i.embedder.EclipseLogger - Using 'UTF-8' encoding to copy filtered resources.
2017-07-24 23:47:41,388 [Worker-94] INFO  o.e.m.c.i.embedder.EclipseLogger - Copying 2 resources
2017-07-24 23:47:41,394 [Worker-94] INFO  o.e.m.c.i.embedder.EclipseLogger - Copying 0 resource
2017-07-24 23:47:41,396 [Worker-94] INFO  o.e.m.c.i.embedder.EclipseLogger - Using 'UTF-8' encoding to copy filtered resources.
2017-07-24 23:47:41,396 [Worker-94] INFO  o.e.m.c.i.embedder.EclipseLogger - skip non existing resourceDirectory D:\Project\bysoft\owl-bookstore\owl-bookstore-web-api\src\test\resources
2017-07-24 23:47:57,155 [Worker-97] INFO  o.e.m.c.i.embedder.EclipseLogger - Using 'UTF-8' encoding to copy filtered resources.
2017-07-24 23:47:57,156 [Worker-97] INFO  o.e.m.c.i.embedder.EclipseLogger - Copying 2 resources
2017-07-24 23:47:57,166 [Worker-97] INFO  o.e.m.c.i.embedder.EclipseLogger - Copying 0 resource
2017-07-24 23:47:57,168 [Worker-97] INFO  o.e.m.c.i.embedder.EclipseLogger - Using 'UTF-8' encoding to copy filtered resources.
2017-07-24 23:47:57,168 [Worker-97] INFO  o.e.m.c.i.embedder.EclipseLogger - skip non existing resourceDirectory D:\Project\bysoft\owl-bookstore\owl-bookstore-web-api\src\test\resources
2017-07-24 23:48:21,756 [Worker-109] INFO  o.e.m.c.i.embedder.EclipseLogger - Using 'UTF-8' encoding to copy filtered resources.
2017-07-24 23:48:21,756 [Worker-109] INFO  o.e.m.c.i.embedder.EclipseLogger - Copying 2 resources
2017-07-24 23:48:21,764 [Worker-109] INFO  o.e.m.c.i.embedder.EclipseLogger - Copying 0 resource
2017-07-24 23:48:21,766 [Worker-109] INFO  o.e.m.c.i.embedder.EclipseLogger - Using 'UTF-8' encoding to copy filtered resources.
2017-07-24 23:48:21,766 [Worker-109] INFO  o.e.m.c.i.embedder.EclipseLogger - skip non existing resourceDirectory D:\Project\bysoft\owl-bookstore\owl-bookstore-web-api\src\test\resources
2017-07-24 23:49:17,511 [Worker-96] INFO  o.e.m.c.i.embedder.EclipseLogger - Using 'UTF-8' encoding to copy filtered resources.
2017-07-24 23:49:17,511 [Worker-96] INFO  o.e.m.c.i.embedder.EclipseLogger - Copying 2 resources
2017-07-24 23:49:17,517 [Worker-96] INFO  o.e.m.c.i.embedder.EclipseLogger - Copying 0 resource
2017-07-24 23:49:17,519 [Worker-96] INFO  o.e.m.c.i.embedder.EclipseLogger - Using 'UTF-8' encoding to copy filtered resources.
2017-07-24 23:49:17,519 [Worker-96] INFO  o.e.m.c.i.embedder.EclipseLogger - skip non existing resourceDirectory D:\Project\bysoft\owl-bookstore\owl-bookstore-web-api\src\test\resources
2017-07-24 23:49:43,661 [Worker-99] INFO  o.e.m.c.i.embedder.EclipseLogger - Using 'UTF-8' encoding to copy filtered resources.
2017-07-24 23:49:43,661 [Worker-99] INFO  o.e.m.c.i.embedder.EclipseLogger - Copying 2 resources
2017-07-24 23:49:43,667 [Worker-99] INFO  o.e.m.c.i.embedder.EclipseLogger - Copying 0 resource
2017-07-24 23:49:43,668 [Worker-99] INFO  o.e.m.c.i.embedder.EclipseLogger - Using 'UTF-8' encoding to copy filtered resources.
2017-07-24 23:49:43,669 [Worker-99] INFO  o.e.m.c.i.embedder.EclipseLogger - skip non existing resourceDirectory D:\Project\bysoft\owl-bookstore\owl-bookstore-web-console\src\test\resources
2017-07-24 23:50:15,931 [Worker-92] INFO  o.e.m.c.i.embedder.EclipseLogger - Using 'UTF-8' encoding to copy filtered resources.
2017-07-24 23:50:15,931 [Worker-92] INFO  o.e.m.c.i.embedder.EclipseLogger - Copying 2 resources
2017-07-24 23:50:15,938 [Worker-92] INFO  o.e.m.c.i.embedder.EclipseLogger - Copying 0 resource
2017-07-24 23:50:15,940 [Worker-92] INFO  o.e.m.c.i.embedder.EclipseLogger - Using 'UTF-8' encoding to copy filtered resources.
2017-07-24 23:50:15,940 [Worker-92] INFO  o.e.m.c.i.embedder.EclipseLogger - skip non existing resourceDirectory D:\Project\bysoft\owl-bookstore\owl-bookstore-web-console\src\test\resources
2017-07-24 23:50:38,688 [Worker-94] INFO  o.e.m.c.i.embedder.EclipseLogger - Using 'UTF-8' encoding to copy filtered resources.
2017-07-24 23:50:38,688 [Worker-94] INFO  o.e.m.c.i.embedder.EclipseLogger - Copying 2 resources
2017-07-24 23:50:38,696 [Worker-94] INFO  o.e.m.c.i.embedder.EclipseLogger - Copying 0 resource
2017-07-24 23:50:38,698 [Worker-94] INFO  o.e.m.c.i.embedder.EclipseLogger - Using 'UTF-8' encoding to copy filtered resources.
2017-07-24 23:50:38,698 [Worker-94] INFO  o.e.m.c.i.embedder.EclipseLogger - skip non existing resourceDirectory D:\Project\bysoft\owl-bookstore\owl-bookstore-web-console\src\test\resources
2017-07-24 23:50:47,200 [Worker-96] INFO  o.e.m.c.i.embedder.EclipseLogger - Using 'UTF-8' encoding to copy filtered resources.
2017-07-24 23:50:47,200 [Worker-96] INFO  o.e.m.c.i.embedder.EclipseLogger - Copying 2 resources
2017-07-24 23:50:47,206 [Worker-96] INFO  o.e.m.c.i.embedder.EclipseLogger - Copying 0 resource
2017-07-24 23:50:47,208 [Worker-96] INFO  o.e.m.c.i.embedder.EclipseLogger - Using 'UTF-8' encoding to copy filtered resources.
2017-07-24 23:50:47,208 [Worker-96] INFO  o.e.m.c.i.embedder.EclipseLogger - skip non existing resourceDirectory D:\Project\bysoft\owl-bookstore\owl-bookstore-web-console\src\test\resources
2017-07-24 23:51:12,229 [Worker-106] INFO  o.e.m.c.i.embedder.EclipseLogger - Using 'UTF-8' encoding to copy filtered resources.
2017-07-24 23:51:12,230 [Worker-106] INFO  o.e.m.c.i.embedder.EclipseLogger - Copying 2 resources
2017-07-24 23:51:12,235 [Worker-106] INFO  o.e.m.c.i.embedder.EclipseLogger - Copying 0 resource
2017-07-24 23:51:12,237 [Worker-106] INFO  o.e.m.c.i.embedder.EclipseLogger - Using 'UTF-8' encoding to copy filtered resources.
2017-07-24 23:51:12,237 [Worker-106] INFO  o.e.m.c.i.embedder.EclipseLogger - skip non existing resourceDirectory D:\Project\bysoft\owl-bookstore\owl-bookstore-web-console\src\test\resources
2017-07-24 23:51:21,498 [Worker-106] INFO  o.e.m.c.i.embedder.EclipseLogger - Using 'UTF-8' encoding to copy filtered resources.
2017-07-24 23:51:21,498 [Worker-106] INFO  o.e.m.c.i.embedder.EclipseLogger - Copying 2 resources
2017-07-24 23:51:21,504 [Worker-106] INFO  o.e.m.c.i.embedder.EclipseLogger - Copying 0 resource
2017-07-24 23:51:21,506 [Worker-106] INFO  o.e.m.c.i.embedder.EclipseLogger - Using 'UTF-8' encoding to copy filtered resources.
2017-07-24 23:51:21,506 [Worker-106] INFO  o.e.m.c.i.embedder.EclipseLogger - skip non existing resourceDirectory D:\Project\bysoft\owl-bookstore\owl-bookstore-web-console\src\test\resources
2017-07-24 23:51:37,463 [Worker-94] INFO  o.e.m.c.i.embedder.EclipseLogger - Using 'UTF-8' encoding to copy filtered resources.
2017-07-24 23:51:37,463 [Worker-94] INFO  o.e.m.c.i.embedder.EclipseLogger - Copying 2 resources
2017-07-24 23:51:37,469 [Worker-94] INFO  o.e.m.c.i.embedder.EclipseLogger - Copying 0 resource
2017-07-24 23:51:37,470 [Worker-94] INFO  o.e.m.c.i.embedder.EclipseLogger - Using 'UTF-8' encoding to copy filtered resources.
2017-07-24 23:51:37,471 [Worker-94] INFO  o.e.m.c.i.embedder.EclipseLogger - skip non existing resourceDirectory D:\Project\bysoft\owl-bookstore\owl-bookstore-web-console\src\test\resources
2017-07-24 23:51:43,236 [Worker-112] INFO  o.e.m.c.i.embedder.EclipseLogger - Using 'UTF-8' encoding to copy filtered resources.
2017-07-24 23:51:43,236 [Worker-112] INFO  o.e.m.c.i.embedder.EclipseLogger - Copying 2 resources
2017-07-24 23:51:43,242 [Worker-112] INFO  o.e.m.c.i.embedder.EclipseLogger - Copying 0 resource
2017-07-24 23:51:43,244 [Worker-112] INFO  o.e.m.c.i.embedder.EclipseLogger - Using 'UTF-8' encoding to copy filtered resources.
2017-07-24 23:51:43,245 [Worker-112] INFO  o.e.m.c.i.embedder.EclipseLogger - skip non existing resourceDirectory D:\Project\bysoft\owl-bookstore\owl-bookstore-web-console\src\test\resources
2017-07-24 23:52:33,689 [Worker-111] INFO  o.e.m.c.i.embedder.EclipseLogger - Using 'UTF-8' encoding to copy filtered resources.
2017-07-24 23:52:33,689 [Worker-111] INFO  o.e.m.c.i.embedder.EclipseLogger - Copying 2 resources
2017-07-24 23:52:33,693 [Worker-111] INFO  o.e.m.c.i.embedder.EclipseLogger - Copying 0 resource
2017-07-24 23:52:33,695 [Worker-111] INFO  o.e.m.c.i.embedder.EclipseLogger - Using 'UTF-8' encoding to copy filtered resources.
2017-07-24 23:52:33,695 [Worker-111] INFO  o.e.m.c.i.embedder.EclipseLogger - skip non existing resourceDirectory D:\Project\bysoft\owl-bookstore\owl-bookstore-web-console\src\test\resources
2017-07-24 23:52:36,757 [Worker-94] INFO  o.e.m.c.i.embedder.EclipseLogger - Using 'UTF-8' encoding to copy filtered resources.
2017-07-24 23:52:36,758 [Worker-94] INFO  o.e.m.c.i.embedder.EclipseLogger - Copying 2 resources
2017-07-24 23:52:36,764 [Worker-94] INFO  o.e.m.c.i.embedder.EclipseLogger - Copying 0 resource
2017-07-24 23:52:36,765 [Worker-94] INFO  o.e.m.c.i.embedder.EclipseLogger - Using 'UTF-8' encoding to copy filtered resources.
2017-07-24 23:52:36,765 [Worker-94] INFO  o.e.m.c.i.embedder.EclipseLogger - skip non existing resourceDirectory D:\Project\bysoft\owl-bookstore\owl-bookstore-web-console\src\test\resources
2017-07-24 23:52:40,319 [Worker-108] INFO  o.e.m.c.i.embedder.EclipseLogger - Using 'UTF-8' encoding to copy filtered resources.
2017-07-24 23:52:40,319 [Worker-108] INFO  o.e.m.c.i.embedder.EclipseLogger - Copying 2 resources
2017-07-24 23:52:40,324 [Worker-108] INFO  o.e.m.c.i.embedder.EclipseLogger - Copying 0 resource
2017-07-24 23:52:40,326 [Worker-108] INFO  o.e.m.c.i.embedder.EclipseLogger - Using 'UTF-8' encoding to copy filtered resources.
2017-07-24 23:52:40,326 [Worker-108] INFO  o.e.m.c.i.embedder.EclipseLogger - skip non existing resourceDirectory D:\Project\bysoft\owl-bookstore\owl-bookstore-web-console\src\test\resources
2017-07-24 23:53:09,666 [Worker-96] INFO  o.e.m.c.i.e.AbstractTransferListenerAdapter - Downloading http://maven.aliyun.com/nexus/content/repositories/central/org/springframework/spring-web/4.3.9.RELEASE/spring-web-4.3.9.RELEASE-sources.jar
2017-07-24 23:53:09,735 [Worker-96] INFO  o.e.m.c.i.e.AbstractTransferListenerAdapter - Downloaded http://maven.aliyun.com/nexus/content/repositories/central/org/springframework/spring-web/4.3.9.RELEASE/spring-web-4.3.9.RELEASE-sources.jar
2017-07-24 23:53:09,814 [Worker-96] INFO  o.e.m.j.internal.DownloadSourcesJob - Downloaded sources for org.springframework:spring-web:4.3.9.RELEASE
2017-07-24 23:53:10,161 [Worker-96] INFO  o.e.m.c.i.embedder.EclipseLogger - Using 'UTF-8' encoding to copy filtered resources.
2017-07-24 23:53:10,161 [Worker-96] INFO  o.e.m.c.i.embedder.EclipseLogger - Copying 0 resource
2017-07-24 23:53:10,161 [Worker-96] INFO  o.e.m.c.i.embedder.EclipseLogger - Copying 0 resource
2017-07-24 23:53:10,162 [Worker-96] INFO  o.e.m.c.i.embedder.EclipseLogger - Using 'UTF-8' encoding to copy filtered resources.
2017-07-24 23:53:10,162 [Worker-96] INFO  o.e.m.c.i.embedder.EclipseLogger - skip non existing resourceDirectory D:\Project\bysoft\owl-bookstore\owl-bookstore-web-console\src\test\resources
2017-07-24 23:53:12,291 [Worker-112] INFO  o.e.m.c.i.embedder.EclipseLogger - Using 'UTF-8' encoding to copy filtered resources.
2017-07-24 23:53:12,292 [Worker-112] INFO  o.e.m.c.i.embedder.EclipseLogger - Copying 2 resources
2017-07-24 23:53:12,296 [Worker-112] INFO  o.e.m.c.i.embedder.EclipseLogger - Copying 0 resource
2017-07-24 23:53:12,297 [Worker-112] INFO  o.e.m.c.i.embedder.EclipseLogger - Using 'UTF-8' encoding to copy filtered resources.
2017-07-24 23:53:12,297 [Worker-112] INFO  o.e.m.c.i.embedder.EclipseLogger - skip non existing resourceDirectory D:\Project\bysoft\owl-bookstore\owl-bookstore-web-console\src\test\resources
2017-07-24 23:53:24,122 [Worker-106] INFO  o.e.m.c.i.embedder.EclipseLogger - Using 'UTF-8' encoding to copy filtered resources.
2017-07-24 23:53:24,122 [Worker-106] INFO  o.e.m.c.i.embedder.EclipseLogger - Copying 2 resources
2017-07-24 23:53:24,127 [Worker-106] INFO  o.e.m.c.i.embedder.EclipseLogger - Copying 0 resource
2017-07-24 23:53:24,128 [Worker-106] INFO  o.e.m.c.i.embedder.EclipseLogger - Using 'UTF-8' encoding to copy filtered resources.
2017-07-24 23:53:24,128 [Worker-106] INFO  o.e.m.c.i.embedder.EclipseLogger - skip non existing resourceDirectory D:\Project\bysoft\owl-bookstore\owl-bookstore-web-console\src\test\resources
2017-07-24 23:54:16,465 [Worker-113] INFO  o.e.m.c.i.embedder.EclipseLogger - Using 'UTF-8' encoding to copy filtered resources.
2017-07-24 23:54:16,466 [Worker-113] INFO  o.e.m.c.i.embedder.EclipseLogger - Copying 2 resources
2017-07-24 23:54:16,471 [Worker-113] INFO  o.e.m.c.i.embedder.EclipseLogger - Copying 0 resource
2017-07-24 23:54:16,472 [Worker-113] INFO  o.e.m.c.i.embedder.EclipseLogger - Using 'UTF-8' encoding to copy filtered resources.
2017-07-24 23:54:16,472 [Worker-113] INFO  o.e.m.c.i.embedder.EclipseLogger - skip non existing resourceDirectory D:\Project\bysoft\owl-bookstore\owl-bookstore-web-console\src\test\resources
2017-07-24 23:55:50,455 [Worker-99] INFO  o.e.m.c.i.embedder.EclipseLogger - Using 'UTF-8' encoding to copy filtered resources.
2017-07-24 23:55:50,456 [Worker-99] INFO  o.e.m.c.i.embedder.EclipseLogger - Copying 2 resources
2017-07-24 23:55:50,460 [Worker-99] INFO  o.e.m.c.i.embedder.EclipseLogger - Copying 0 resource
2017-07-24 23:55:50,462 [Worker-99] INFO  o.e.m.c.i.embedder.EclipseLogger - Using 'UTF-8' encoding to copy filtered resources.
2017-07-24 23:55:50,462 [Worker-99] INFO  o.e.m.c.i.embedder.EclipseLogger - skip non existing resourceDirectory D:\Project\bysoft\owl-bookstore\owl-bookstore-web-console\src\test\resources
2017-07-24 23:56:27,414 [Worker-100] INFO  o.e.m.c.i.embedder.EclipseLogger - Using 'UTF-8' encoding to copy filtered resources.
2017-07-24 23:56:27,415 [Worker-100] INFO  o.e.m.c.i.embedder.EclipseLogger - Copying 2 resources
2017-07-24 23:56:27,422 [Worker-100] INFO  o.e.m.c.i.embedder.EclipseLogger - Copying 0 resource
2017-07-24 23:56:27,423 [Worker-100] INFO  o.e.m.c.i.embedder.EclipseLogger - Using 'UTF-8' encoding to copy filtered resources.
2017-07-24 23:56:27,423 [Worker-100] INFO  o.e.m.c.i.embedder.EclipseLogger - skip non existing resourceDirectory D:\Project\bysoft\owl-bookstore\owl-bookstore-web-console\src\test\resources
2017-07-24 23:56:43,744 [Worker-110] INFO  o.e.m.c.i.embedder.EclipseLogger - Using 'UTF-8' encoding to copy filtered resources.
2017-07-24 23:56:43,745 [Worker-110] INFO  o.e.m.c.i.embedder.EclipseLogger - Copying 2 resources
2017-07-24 23:56:43,750 [Worker-110] INFO  o.e.m.c.i.embedder.EclipseLogger - Copying 0 resource
2017-07-24 23:56:43,751 [Worker-110] INFO  o.e.m.c.i.embedder.EclipseLogger - Using 'UTF-8' encoding to copy filtered resources.
2017-07-24 23:56:43,751 [Worker-110] INFO  o.e.m.c.i.embedder.EclipseLogger - skip non existing resourceDirectory D:\Project\bysoft\owl-bookstore\owl-bookstore-web-console\src\test\resources
2017-07-24 23:57:20,066 [Worker-100] INFO  o.e.m.c.i.embedder.EclipseLogger - Using 'UTF-8' encoding to copy filtered resources.
2017-07-24 23:57:20,066 [Worker-100] INFO  o.e.m.c.i.embedder.EclipseLogger - Copying 1 resource
2017-07-24 23:57:20,069 [Worker-100] INFO  o.e.m.c.i.embedder.EclipseLogger - Copying 0 resource
2017-07-24 23:57:20,070 [Worker-100] INFO  o.e.m.c.i.embedder.EclipseLogger - Using 'UTF-8' encoding to copy filtered resources.
2017-07-24 23:57:20,070 [Worker-100] INFO  o.e.m.c.i.embedder.EclipseLogger - skip non existing resourceDirectory D:\Project\bysoft\owl-bookstore\owl-bookstore-common\src\test\resources
2017-07-24 23:57:26,025 [Worker-92] INFO  o.e.m.c.i.embedder.EclipseLogger - Using 'UTF-8' encoding to copy filtered resources.
2017-07-24 23:57:26,025 [Worker-92] INFO  o.e.m.c.i.embedder.EclipseLogger - Copying 1 resource
2017-07-24 23:57:26,029 [Worker-92] INFO  o.e.m.c.i.embedder.EclipseLogger - Copying 0 resource
2017-07-24 23:57:26,031 [Worker-92] INFO  o.e.m.c.i.embedder.EclipseLogger - Using 'UTF-8' encoding to copy filtered resources.
2017-07-24 23:57:26,031 [Worker-92] INFO  o.e.m.c.i.embedder.EclipseLogger - skip non existing resourceDirectory D:\Project\bysoft\owl-bookstore\owl-bookstore-common\src\test\resources
2017-07-24 23:57:34,186 [Worker-106] INFO  o.e.m.c.i.embedder.EclipseLogger - Using 'UTF-8' encoding to copy filtered resources.
2017-07-24 23:57:34,187 [Worker-106] INFO  o.e.m.c.i.embedder.EclipseLogger - Copying 1 resource
2017-07-24 23:57:34,189 [Worker-106] INFO  o.e.m.c.i.embedder.EclipseLogger - Copying 0 resource
2017-07-24 23:57:34,190 [Worker-106] INFO  o.e.m.c.i.embedder.EclipseLogger - Using 'UTF-8' encoding to copy filtered resources.
2017-07-24 23:57:34,190 [Worker-106] INFO  o.e.m.c.i.embedder.EclipseLogger - skip non existing resourceDirectory D:\Project\bysoft\owl-bookstore\owl-bookstore-facade-user\src\test\resources
2017-07-24 23:57:40,580 [Worker-113] INFO  o.e.m.c.i.embedder.EclipseLogger - Using 'UTF-8' encoding to copy filtered resources.
2017-07-24 23:57:40,580 [Worker-113] INFO  o.e.m.c.i.embedder.EclipseLogger - Copying 2 resources
2017-07-24 23:57:40,588 [Worker-113] INFO  o.e.m.c.i.embedder.EclipseLogger - Copying 0 resource
2017-07-24 23:57:40,589 [Worker-113] INFO  o.e.m.c.i.embedder.EclipseLogger - Using 'UTF-8' encoding to copy filtered resources.
2017-07-24 23:57:40,589 [Worker-113] INFO  o.e.m.c.i.embedder.EclipseLogger - skip non existing resourceDirectory D:\Project\bysoft\owl-bookstore\owl-bookstore-web-console\src\test\resources
2017-07-24 23:58:00,783 [Worker-117] INFO  o.e.m.c.i.embedder.EclipseLogger - Using 'UTF-8' encoding to copy filtered resources.
2017-07-24 23:58:00,783 [Worker-117] INFO  o.e.m.c.i.embedder.EclipseLogger - Copying 1 resource
2017-07-24 23:58:00,785 [Worker-117] INFO  o.e.m.c.i.embedder.EclipseLogger - Copying 0 resource
2017-07-24 23:58:00,787 [Worker-117] INFO  o.e.m.c.i.embedder.EclipseLogger - Using 'UTF-8' encoding to copy filtered resources.
2017-07-24 23:58:00,787 [Worker-117] INFO  o.e.m.c.i.embedder.EclipseLogger - skip non existing resourceDirectory D:\Project\bysoft\owl-bookstore\owl-bookstore-facade-user\src\test\resources
2017-07-24 23:58:37,478 [Worker-121] INFO  o.e.m.c.i.embedder.EclipseLogger - Using 'UTF-8' encoding to copy filtered resources.
2017-07-24 23:58:37,479 [Worker-121] INFO  o.e.m.c.i.embedder.EclipseLogger - Copying 1 resource
2017-07-24 23:58:37,481 [Worker-121] INFO  o.e.m.c.i.embedder.EclipseLogger - Copying 0 resource
2017-07-24 23:58:37,483 [Worker-121] INFO  o.e.m.c.i.embedder.EclipseLogger - Using 'UTF-8' encoding to copy filtered resources.
2017-07-24 23:58:37,483 [Worker-121] INFO  o.e.m.c.i.embedder.EclipseLogger - skip non existing resourceDirectory D:\Project\bysoft\owl-bookstore\owl-bookstore-facade-user\src\test\resources
2017-07-24 23:59:45,728 [Worker-97] INFO  o.e.m.c.i.embedder.EclipseLogger - Using 'UTF-8' encoding to copy filtered resources.
2017-07-24 23:59:45,729 [Worker-97] INFO  o.e.m.c.i.embedder.EclipseLogger - Copying 1 resource
2017-07-24 23:59:45,731 [Worker-97] INFO  o.e.m.c.i.embedder.EclipseLogger - Copying 0 resource
2017-07-24 23:59:45,733 [Worker-97] INFO  o.e.m.c.i.embedder.EclipseLogger - Using 'UTF-8' encoding to copy filtered resources.
2017-07-24 23:59:45,733 [Worker-97] INFO  o.e.m.c.i.embedder.EclipseLogger - skip non existing resourceDirectory D:\Project\bysoft\owl-bookstore\owl-bookstore-facade-user\src\test\resources
2017-07-25 00:00:16,563 [Worker-113] INFO  o.e.m.c.i.embedder.EclipseLogger - Using 'UTF-8' encoding to copy filtered resources.
2017-07-25 00:00:16,564 [Worker-113] INFO  o.e.m.c.i.embedder.EclipseLogger - Copying 2 resources
2017-07-25 00:00:16,570 [Worker-113] INFO  o.e.m.c.i.embedder.EclipseLogger - Copying 0 resource
2017-07-25 00:00:16,571 [Worker-113] INFO  o.e.m.c.i.embedder.EclipseLogger - Using 'UTF-8' encoding to copy filtered resources.
2017-07-25 00:00:16,571 [Worker-113] INFO  o.e.m.c.i.embedder.EclipseLogger - skip non existing resourceDirectory D:\Project\bysoft\owl-bookstore\owl-bookstore-web-console\src\test\resources
2017-07-25 00:00:49,966 [Worker-92] INFO  o.e.m.c.i.embedder.EclipseLogger - Using 'UTF-8' encoding to copy filtered resources.
2017-07-25 00:00:49,966 [Worker-92] INFO  o.e.m.c.i.embedder.EclipseLogger - Copying 2 resources
2017-07-25 00:00:49,971 [Worker-92] INFO  o.e.m.c.i.embedder.EclipseLogger - Copying 0 resource
2017-07-25 00:00:49,972 [Worker-92] INFO  o.e.m.c.i.embedder.EclipseLogger - Using 'UTF-8' encoding to copy filtered resources.
2017-07-25 00:00:49,972 [Worker-92] INFO  o.e.m.c.i.embedder.EclipseLogger - skip non existing resourceDirectory D:\Project\bysoft\owl-bookstore\owl-bookstore-web-console\src\test\resources
2017-07-25 00:01:43,200 [Worker-121] INFO  o.e.m.c.i.embedder.EclipseLogger - Using 'UTF-8' encoding to copy filtered resources.
2017-07-25 00:01:43,200 [Worker-121] INFO  o.e.m.c.i.embedder.EclipseLogger - Copying 2 resources
2017-07-25 00:01:43,206 [Worker-121] INFO  o.e.m.c.i.embedder.EclipseLogger - Copying 0 resource
2017-07-25 00:01:43,207 [Worker-121] INFO  o.e.m.c.i.embedder.EclipseLogger - Using 'UTF-8' encoding to copy filtered resources.
2017-07-25 00:01:43,207 [Worker-121] INFO  o.e.m.c.i.embedder.EclipseLogger - skip non existing resourceDirectory D:\Project\bysoft\owl-bookstore\owl-bookstore-web-console\src\test\resources
2017-07-25 00:01:54,741 [Worker-117] WARN  o.e.r.models.ModelRepository - Failed to download jre:jre:call:zip:1.0.0
org.eclipse.aether.resolution.ArtifactResolutionException: Could not transfer artifact jre:jre:zip:call:1.0.0-20160630.185625-2 from/to models (http://download.eclipse.org/recommenders/models/neon/): Connect to ftp.daumkakao.com:80 timed out
	at org.eclipse.aether.internal.impl.DefaultArtifactResolver.resolve(DefaultArtifactResolver.java:444) ~[na:na]
	at org.eclipse.aether.internal.impl.DefaultArtifactResolver.resolveArtifacts(DefaultArtifactResolver.java:246) ~[na:na]
	at org.eclipse.aether.internal.impl.DefaultArtifactResolver.resolveArtifact(DefaultArtifactResolver.java:223) ~[na:na]
	at org.eclipse.aether.internal.impl.DefaultRepositorySystem.resolveArtifact(DefaultRepositorySystem.java:294) ~[na:na]
	at org.eclipse.recommenders.models.ModelRepository.resolveInternal(ModelRepository.java:193) [org.eclipse.recommenders.models_2.4.5.v20161130-1427.jar:na]
	at org.eclipse.recommenders.models.ModelRepository.resolve(ModelRepository.java:172) [org.eclipse.recommenders.models_2.4.5.v20161130-1427.jar:na]
	at org.eclipse.recommenders.internal.models.rcp.EclipseModelRepository.resolve(EclipseModelRepository.java:169) [org.eclipse.recommenders.models.rcp_2.4.5.v20161130-1427.jar:na]
	at org.eclipse.recommenders.internal.models.rcp.DownloadModelArchiveJob.run(DownloadModelArchiveJob.java:76) [org.eclipse.recommenders.models.rcp_2.4.5.v20161130-1427.jar:na]
	at org.eclipse.core.internal.jobs.Worker.run(Worker.java:55) [org.eclipse.core.jobs_3.8.0.v20160509-0411.jar:na]
Caused by: org.eclipse.aether.transfer.ArtifactTransferException: Could not transfer artifact jre:jre:zip:call:1.0.0-20160630.185625-2 from/to models (http://download.eclipse.org/recommenders/models/neon/): Connect to ftp.daumkakao.com:80 timed out
	at org.eclipse.aether.connector.basic.ArtifactTransportListener.transferFailed(ArtifactTransportListener.java:43) ~[org.eclipse.aether.connector.basic_1.0.1.v20141111.jar:na]
	at org.eclipse.aether.connector.basic.BasicRepositoryConnector$TaskRunner.run(BasicRepositoryConnector.java:355) ~[org.eclipse.aether.connector.basic_1.0.1.v20141111.jar:na]
	at org.eclipse.aether.util.concurrency.RunnableErrorForwarder$1.run(RunnableErrorForwarder.java:67) ~[na:na]
	at org.eclipse.aether.connector.basic.BasicRepositoryConnector$DirectExecutor.execute(BasicRepositoryConnector.java:581) ~[org.eclipse.aether.connector.basic_1.0.1.v20141111.jar:na]
	at org.eclipse.aether.connector.basic.BasicRepositoryConnector.get(BasicRepositoryConnector.java:249) ~[org.eclipse.aether.connector.basic_1.0.1.v20141111.jar:na]
	at org.eclipse.aether.internal.impl.DefaultArtifactResolver.performDownloads(DefaultArtifactResolver.java:520) ~[na:na]
	at org.eclipse.aether.internal.impl.DefaultArtifactResolver.resolve(DefaultArtifactResolver.java:421) ~[na:na]
	... 8 common frames omitted
Caused by: org.apache.http.conn.ConnectTimeoutException: Connect to ftp.daumkakao.com:80 timed out
	at org.apache.http.conn.scheme.PlainSocketFactory.connectSocket(PlainSocketFactory.java:119) ~[na:na]
	at org.apache.http.impl.conn.DefaultClientConnectionOperator.openConnection(DefaultClientConnectionOperator.java:177) ~[na:na]
	at org.apache.http.impl.conn.ManagedClientConnectionImpl.open(ManagedClientConnectionImpl.java:304) ~[na:na]
	at org.apache.http.impl.client.DefaultRequestDirector.tryConnect(DefaultRequestDirector.java:611) ~[na:na]
	at org.apache.http.impl.client.DefaultRequestDirector.execute(DefaultRequestDirector.java:446) ~[na:na]
	at org.apache.http.impl.client.AbstractHttpClient.doExecute(AbstractHttpClient.java:863) ~[na:na]
	at org.apache.http.impl.client.CloseableHttpClient.execute(CloseableHttpClient.java:72) ~[na:na]
	at org.apache.http.impl.client.CloseableHttpClient.execute(CloseableHttpClient.java:57) ~[na:na]
	at org.apache.http.impl.client.DecompressingHttpClient.execute(DecompressingHttpClient.java:158) ~[na:na]
	at org.eclipse.aether.transport.http.HttpTransporter.execute(HttpTransporter.java:287) ~[org.eclipse.aether.transport.http_1.0.1.v20141111.jar:na]
	at org.eclipse.aether.transport.http.HttpTransporter.implGet(HttpTransporter.java:243) ~[org.eclipse.aether.transport.http_1.0.1.v20141111.jar:na]
	at org.eclipse.aether.spi.connector.transport.AbstractTransporter.get(AbstractTransporter.java:59) ~[org.eclipse.aether.spi_1.0.1.v20141111.jar:na]
	at org.eclipse.aether.connector.basic.BasicRepositoryConnector$GetTaskRunner.runTask(BasicRepositoryConnector.java:447) ~[org.eclipse.aether.connector.basic_1.0.1.v20141111.jar:na]
	at org.eclipse.aether.connector.basic.BasicRepositoryConnector$TaskRunner.run(BasicRepositoryConnector.java:350) ~[org.eclipse.aether.connector.basic_1.0.1.v20141111.jar:na]
	... 13 common frames omitted
2017-07-25 00:07:16,493 [Worker-115] INFO  o.e.m.c.i.embedder.EclipseLogger - Using 'UTF-8' encoding to copy filtered resources.
2017-07-25 00:07:16,493 [Worker-115] INFO  o.e.m.c.i.embedder.EclipseLogger - Copying 1 resource
2017-07-25 00:07:16,497 [Worker-115] INFO  o.e.m.c.i.embedder.EclipseLogger - Copying 0 resource
2017-07-25 00:07:16,498 [Worker-115] INFO  o.e.m.c.i.embedder.EclipseLogger - Using 'UTF-8' encoding to copy filtered resources.
2017-07-25 00:07:16,498 [Worker-115] INFO  o.e.m.c.i.embedder.EclipseLogger - skip non existing resourceDirectory D:\Project\bysoft\owl-bookstore\owl-bookstore-web-console\src\test\resources
2017-07-25 00:07:40,333 [Worker-118] INFO  o.e.m.c.i.embedder.EclipseLogger - Using 'UTF-8' encoding to copy filtered resources.
2017-07-25 00:07:40,333 [Worker-118] INFO  o.e.m.c.i.embedder.EclipseLogger - Copying 1 resource
2017-07-25 00:07:40,336 [Worker-118] INFO  o.e.m.c.i.embedder.EclipseLogger - Copying 0 resource
2017-07-25 00:07:40,337 [Worker-118] INFO  o.e.m.c.i.embedder.EclipseLogger - Using 'UTF-8' encoding to copy filtered resources.
2017-07-25 00:07:40,337 [Worker-118] INFO  o.e.m.c.i.embedder.EclipseLogger - skip non existing resourceDirectory D:\Project\bysoft\owl-bookstore\owl-bookstore-web-console\src\test\resources
2017-07-25 00:08:27,408 [Worker-118] INFO  o.e.m.c.i.e.AbstractTransferListenerAdapter - Downloading http://maven.aliyun.com/nexus/content/repositories/central/com/netflix/hystrix/hystrix-core/1.5.12/hystrix-core-1.5.12-sources.jar
2017-07-25 00:08:27,454 [Worker-118] INFO  o.e.m.c.i.e.AbstractTransferListenerAdapter - Downloaded http://maven.aliyun.com/nexus/content/repositories/central/com/netflix/hystrix/hystrix-core/1.5.12/hystrix-core-1.5.12-sources.jar
2017-07-25 00:08:27,512 [Worker-118] INFO  o.e.m.j.internal.DownloadSourcesJob - Downloaded sources for com.netflix.hystrix:hystrix-core:1.5.12
2017-07-25 00:08:27,906 [Worker-115] INFO  o.e.m.c.i.embedder.EclipseLogger - Using 'UTF-8' encoding to copy filtered resources.
2017-07-25 00:08:27,906 [Worker-115] INFO  o.e.m.c.i.embedder.EclipseLogger - Copying 0 resource
2017-07-25 00:08:27,907 [Worker-115] INFO  o.e.m.c.i.embedder.EclipseLogger - Copying 0 resource
2017-07-25 00:08:27,908 [Worker-115] INFO  o.e.m.c.i.embedder.EclipseLogger - Using 'UTF-8' encoding to copy filtered resources.
2017-07-25 00:08:27,908 [Worker-115] INFO  o.e.m.c.i.embedder.EclipseLogger - skip non existing resourceDirectory D:\Project\bysoft\owl-bookstore\owl-bookstore-service-user\src\test\resources
2017-07-25 00:12:41,041 [Worker-110] INFO  o.e.m.c.i.embedder.EclipseLogger - Using 'UTF-8' encoding to copy filtered resources.
2017-07-25 00:12:41,042 [Worker-110] INFO  o.e.m.c.i.embedder.EclipseLogger - Copying 1 resource
2017-07-25 00:12:41,044 [Worker-110] INFO  o.e.m.c.i.embedder.EclipseLogger - Copying 0 resource
2017-07-25 00:12:41,045 [Worker-110] INFO  o.e.m.c.i.embedder.EclipseLogger - Using 'UTF-8' encoding to copy filtered resources.
2017-07-25 00:12:41,045 [Worker-110] INFO  o.e.m.c.i.embedder.EclipseLogger - skip non existing resourceDirectory D:\Project\bysoft\owl-bookstore\owl-bookstore-web-console\src\test\resources
2017-07-25 00:15:58,592 [Worker-115] INFO  o.e.m.c.i.embedder.EclipseLogger - Using 'UTF-8' encoding to copy filtered resources.
2017-07-25 00:15:58,592 [Worker-115] INFO  o.e.m.c.i.embedder.EclipseLogger - Copying 1 resource
2017-07-25 00:15:58,595 [Worker-115] INFO  o.e.m.c.i.embedder.EclipseLogger - Copying 0 resource
2017-07-25 00:15:58,596 [Worker-115] INFO  o.e.m.c.i.embedder.EclipseLogger - Using 'UTF-8' encoding to copy filtered resources.
2017-07-25 00:15:58,596 [Worker-115] INFO  o.e.m.c.i.embedder.EclipseLogger - skip non existing resourceDirectory D:\Project\bysoft\owl-bookstore\owl-bookstore-web-console\src\test\resources
2017-07-25 00:16:10,018 [Worker-127] INFO  o.e.m.c.i.embedder.EclipseLogger - Using 'UTF-8' encoding to copy filtered resources.
2017-07-25 00:16:10,018 [Worker-127] INFO  o.e.m.c.i.embedder.EclipseLogger - Copying 2 resources
2017-07-25 00:16:10,023 [Worker-127] INFO  o.e.m.c.i.embedder.EclipseLogger - Copying 0 resource
2017-07-25 00:16:10,025 [Worker-127] INFO  o.e.m.c.i.embedder.EclipseLogger - Using 'UTF-8' encoding to copy filtered resources.
2017-07-25 00:16:10,025 [Worker-127] INFO  o.e.m.c.i.embedder.EclipseLogger - skip non existing resourceDirectory D:\Project\bysoft\owl-bookstore\owl-bookstore-web-console\src\test\resources
2017-07-25 00:16:14,617 [Worker-129] INFO  o.e.m.c.i.embedder.EclipseLogger - Using 'UTF-8' encoding to copy filtered resources.
2017-07-25 00:16:14,618 [Worker-129] INFO  o.e.m.c.i.embedder.EclipseLogger - Copying 2 resources
2017-07-25 00:16:14,624 [Worker-129] INFO  o.e.m.c.i.embedder.EclipseLogger - Copying 0 resource
2017-07-25 00:16:14,626 [Worker-129] INFO  o.e.m.c.i.embedder.EclipseLogger - Using 'UTF-8' encoding to copy filtered resources.
2017-07-25 00:16:14,626 [Worker-129] INFO  o.e.m.c.i.embedder.EclipseLogger - skip non existing resourceDirectory D:\Project\bysoft\owl-bookstore\owl-bookstore-web-console\src\test\resources
2017-07-25 00:16:37,688 [Worker-130] INFO  o.e.m.c.i.embedder.EclipseLogger - Using 'UTF-8' encoding to copy filtered resources.
2017-07-25 00:16:37,688 [Worker-130] INFO  o.e.m.c.i.embedder.EclipseLogger - Copying 1 resource
2017-07-25 00:16:37,691 [Worker-130] INFO  o.e.m.c.i.embedder.EclipseLogger - Copying 0 resource
2017-07-25 00:16:37,692 [Worker-130] INFO  o.e.m.c.i.embedder.EclipseLogger - Using 'UTF-8' encoding to copy filtered resources.
2017-07-25 00:16:37,692 [Worker-130] INFO  o.e.m.c.i.embedder.EclipseLogger - skip non existing resourceDirectory D:\Project\bysoft\owl-bookstore\owl-bookstore-web-console\src\test\resources
2017-07-25 00:17:49,435 [Worker-125] INFO  o.e.m.c.i.embedder.EclipseLogger - Using 'UTF-8' encoding to copy filtered resources.
2017-07-25 00:17:49,435 [Worker-125] INFO  o.e.m.c.i.embedder.EclipseLogger - Copying 1 resource
2017-07-25 00:17:49,438 [Worker-125] INFO  o.e.m.c.i.embedder.EclipseLogger - Copying 0 resource
2017-07-25 00:17:49,439 [Worker-125] INFO  o.e.m.c.i.embedder.EclipseLogger - Using 'UTF-8' encoding to copy filtered resources.
2017-07-25 00:17:49,439 [Worker-125] INFO  o.e.m.c.i.embedder.EclipseLogger - skip non existing resourceDirectory D:\Project\bysoft\owl-bookstore\owl-bookstore-web-console\src\test\resources
2017-07-25 00:18:06,739 [Worker-128] INFO  o.e.m.c.i.embedder.EclipseLogger - Using 'UTF-8' encoding to copy filtered resources.
2017-07-25 00:18:06,739 [Worker-128] INFO  o.e.m.c.i.embedder.EclipseLogger - Copying 1 resource
2017-07-25 00:18:06,742 [Worker-128] INFO  o.e.m.c.i.embedder.EclipseLogger - Copying 0 resource
2017-07-25 00:18:06,743 [Worker-128] INFO  o.e.m.c.i.embedder.EclipseLogger - Using 'UTF-8' encoding to copy filtered resources.
2017-07-25 00:18:06,744 [Worker-128] INFO  o.e.m.c.i.embedder.EclipseLogger - skip non existing resourceDirectory D:\Project\bysoft\owl-bookstore\owl-bookstore-web-console\src\test\resources
2017-07-25 00:26:13,829 [Worker-132] INFO  o.e.m.c.i.embedder.EclipseLogger - Using 'UTF-8' encoding to copy filtered resources.
2017-07-25 00:26:13,829 [Worker-132] INFO  o.e.m.c.i.embedder.EclipseLogger - Copying 2 resources
2017-07-25 00:26:13,834 [Worker-132] INFO  o.e.m.c.i.embedder.EclipseLogger - Copying 0 resource
2017-07-25 00:26:13,835 [Worker-132] INFO  o.e.m.c.i.embedder.EclipseLogger - Using 'UTF-8' encoding to copy filtered resources.
2017-07-25 00:26:13,835 [Worker-132] INFO  o.e.m.c.i.embedder.EclipseLogger - skip non existing resourceDirectory D:\Project\bysoft\owl-bookstore\owl-bookstore-web-api\src\test\resources
2017-07-25 00:26:37,277 [Worker-135] INFO  o.e.m.c.i.embedder.EclipseLogger - Using 'UTF-8' encoding to copy filtered resources.
2017-07-25 00:26:37,277 [Worker-135] INFO  o.e.m.c.i.embedder.EclipseLogger - Copying 2 resources
2017-07-25 00:26:37,284 [Worker-135] INFO  o.e.m.c.i.embedder.EclipseLogger - Copying 0 resource
2017-07-25 00:26:37,285 [Worker-135] INFO  o.e.m.c.i.embedder.EclipseLogger - Using 'UTF-8' encoding to copy filtered resources.
2017-07-25 00:26:37,285 [Worker-135] INFO  o.e.m.c.i.embedder.EclipseLogger - skip non existing resourceDirectory D:\Project\bysoft\owl-bookstore\owl-bookstore-web-console\src\test\resources
2017-07-25 00:27:21,160 [Worker-134] INFO  o.e.m.c.i.l.LifecycleMappingFactory - Using org.maven.ide.eclipse.wtp.WarLifecycleMapping lifecycle mapping for MavenProject: cn.net.bysoft:owl-bookstore-web-api:1.0-SNAPSHOT @ D:\Project\bysoft\owl-bookstore\owl-bookstore-web-api\pom.xml.
2017-07-25 00:27:22,027 [Worker-134] INFO  o.e.m.c.i.embedder.EclipseLogger - Using 'UTF-8' encoding to copy filtered resources.
2017-07-25 00:27:22,027 [Worker-134] INFO  o.e.m.c.i.embedder.EclipseLogger - Copying 0 resource
2017-07-25 00:27:22,027 [Worker-134] INFO  o.e.m.c.i.embedder.EclipseLogger - Copying 0 resource
2017-07-25 00:27:22,028 [Worker-134] INFO  o.e.m.c.i.embedder.EclipseLogger - Using 'UTF-8' encoding to copy filtered resources.
2017-07-25 00:27:22,028 [Worker-134] INFO  o.e.m.c.i.embedder.EclipseLogger - skip non existing resourceDirectory D:\Project\bysoft\owl-bookstore\owl-bookstore-web-api\src\test\resources
2017-07-25 00:27:22,028 [Worker-134] INFO  o.e.m.w.i.f.ResourceFilteringBuildParticipant - Changed resources require a complete clean of filtered resources of owl-bookstore-web-api
2017-07-25 00:27:22,028 [Worker-134] INFO  o.e.m.w.i.f.ResourceFilteringBuildParticipant - Executing resource filtering for owl-bookstore-web-api
2017-07-25 00:27:22,031 [Worker-134] INFO  o.e.m.c.i.embedder.EclipseLogger - Using 'UTF-8' encoding to copy filtered resources.
2017-07-25 00:27:23,499 [Worker-133] INFO  o.e.m.c.i.embedder.EclipseLogger - Using 'UTF-8' encoding to copy filtered resources.
2017-07-25 00:27:23,500 [Worker-133] INFO  o.e.m.c.i.embedder.EclipseLogger - Copying 2 resources
2017-07-25 00:27:23,505 [Worker-133] INFO  o.e.m.c.i.embedder.EclipseLogger - Copying 0 resource
2017-07-25 00:27:23,506 [Worker-133] INFO  o.e.m.c.i.embedder.EclipseLogger - Using 'UTF-8' encoding to copy filtered resources.
2017-07-25 00:27:23,506 [Worker-133] INFO  o.e.m.c.i.embedder.EclipseLogger - skip non existing resourceDirectory D:\Project\bysoft\owl-bookstore\owl-bookstore-web-api\src\test\resources
2017-07-25 00:28:20,155 [Worker-132] WARN  o.e.r.models.ModelRepository - Failed to download jre:jre:call:zip:1.0.0
org.eclipse.aether.resolution.ArtifactResolutionException: Failure to transfer jre:jre:zip:call:1.0.0-20160630.185625-2 from http://download.eclipse.org/recommenders/models/neon/ was cached in the local repository, resolution will not be reattempted until the update interval of models has elapsed or updates are forced. Original error: Could not transfer artifact jre:jre:zip:call:1.0.0-20160630.185625-2 from/to models (http://download.eclipse.org/recommenders/models/neon/): Connect to ftp.daumkakao.com:80 timed out
	at org.eclipse.aether.internal.impl.DefaultArtifactResolver.resolve(DefaultArtifactResolver.java:444) ~[na:na]
	at org.eclipse.aether.internal.impl.DefaultArtifactResolver.resolveArtifacts(DefaultArtifactResolver.java:246) ~[na:na]
	at org.eclipse.aether.internal.impl.DefaultArtifactResolver.resolveArtifact(DefaultArtifactResolver.java:223) ~[na:na]
	at org.eclipse.aether.internal.impl.DefaultRepositorySystem.resolveArtifact(DefaultRepositorySystem.java:294) ~[na:na]
	at org.eclipse.recommenders.models.ModelRepository.resolveInternal(ModelRepository.java:193) [org.eclipse.recommenders.models_2.4.5.v20161130-1427.jar:na]
	at org.eclipse.recommenders.models.ModelRepository.resolve(ModelRepository.java:172) [org.eclipse.recommenders.models_2.4.5.v20161130-1427.jar:na]
	at org.eclipse.recommenders.internal.models.rcp.EclipseModelRepository.resolve(EclipseModelRepository.java:169) [org.eclipse.recommenders.models.rcp_2.4.5.v20161130-1427.jar:na]
	at org.eclipse.recommenders.internal.models.rcp.DownloadModelArchiveJob.run(DownloadModelArchiveJob.java:76) [org.eclipse.recommenders.models.rcp_2.4.5.v20161130-1427.jar:na]
	at org.eclipse.core.internal.jobs.Worker.run(Worker.java:55) [org.eclipse.core.jobs_3.8.0.v20160509-0411.jar:na]
Caused by: org.eclipse.aether.transfer.ArtifactTransferException: Failure to transfer jre:jre:zip:call:1.0.0-20160630.185625-2 from http://download.eclipse.org/recommenders/models/neon/ was cached in the local repository, resolution will not be reattempted until the update interval of models has elapsed or updates are forced. Original error: Could not transfer artifact jre:jre:zip:call:1.0.0-20160630.185625-2 from/to models (http://download.eclipse.org/recommenders/models/neon/): Connect to ftp.daumkakao.com:80 timed out
	at org.eclipse.aether.internal.impl.DefaultUpdateCheckManager.newException(DefaultUpdateCheckManager.java:238) ~[na:na]
	at org.eclipse.aether.internal.impl.DefaultUpdateCheckManager.checkArtifact(DefaultUpdateCheckManager.java:206) ~[na:na]
	at org.eclipse.aether.internal.impl.DefaultArtifactResolver.gatherDownloads(DefaultArtifactResolver.java:585) ~[na:na]
	at org.eclipse.aether.internal.impl.DefaultArtifactResolver.performDownloads(DefaultArtifactResolver.java:503) ~[na:na]
	at org.eclipse.aether.internal.impl.DefaultArtifactResolver.resolve(DefaultArtifactResolver.java:421) ~[na:na]
	... 8 common frames omitted
2017-07-25 00:28:22,430 [Worker-139] INFO  o.e.m.c.i.embedder.EclipseLogger - Using 'UTF-8' encoding to copy filtered resources.
2017-07-25 00:28:22,430 [Worker-139] INFO  o.e.m.c.i.embedder.EclipseLogger - Copying 2 resources
2017-07-25 00:28:22,435 [Worker-139] INFO  o.e.m.c.i.embedder.EclipseLogger - Copying 0 resource
2017-07-25 00:28:22,437 [Worker-139] INFO  o.e.m.c.i.embedder.EclipseLogger - Using 'UTF-8' encoding to copy filtered resources.
2017-07-25 00:28:22,437 [Worker-139] INFO  o.e.m.c.i.embedder.EclipseLogger - skip non existing resourceDirectory D:\Project\bysoft\owl-bookstore\owl-bookstore-web-api\src\test\resources
2017-07-25 00:29:40,281 [Worker-132] INFO  o.e.m.c.i.embedder.EclipseLogger - Using 'UTF-8' encoding to copy filtered resources.
2017-07-25 00:29:40,281 [Worker-132] INFO  o.e.m.c.i.embedder.EclipseLogger - Copying 1 resource
2017-07-25 00:29:40,283 [Worker-132] INFO  o.e.m.c.i.embedder.EclipseLogger - Copying 0 resource
2017-07-25 00:29:40,285 [Worker-132] INFO  o.e.m.c.i.embedder.EclipseLogger - Using 'UTF-8' encoding to copy filtered resources.
2017-07-25 00:29:40,285 [Worker-132] INFO  o.e.m.c.i.embedder.EclipseLogger - skip non existing resourceDirectory D:\Project\bysoft\owl-bookstore\owl-bookstore-facade-user\src\test\resources
